[2026-01-23 10:01:37.717] [combined] [warning] This is a warning message.
[2026-01-23 10:01:37.717] [combined] [error] This is an error message.
[2026-01-23 10:01:39.291] [combined] [error] [localization.cpp:45] Failed to open font JSON file: localization/fonts.json
[2026-01-23 10:01:39.292] [combined] [error] [localization.cpp:45] Failed to open font JSON file: localization/fonts.json
[2026-01-23 10:01:40.130] [combined] [warning] [general] [dsl.strict.text] Validation failed at /Users/joshuashin/conductor/workspaces/TheGameJamTemplate/rabat/assets/scripts/ui/player_inventory.lua:689:
  WARNING: unknown field 'padding' 
[2026-01-23 10:01:40.130] [combined] [warning] [general] [dsl.strict.button] Validation failed at /Users/joshuashin/conductor/workspaces/TheGameJamTemplate/rabat/assets/scripts/ui/player_inventory.lua:747:
  WARNING: unknown field 'padding' 
[2026-01-23 10:01:40.130] [combined] [warning] [general] [dsl.strict.button] Validation failed at /Users/joshuashin/conductor/workspaces/TheGameJamTemplate/rabat/assets/scripts/ui/player_inventory.lua:747:
  WARNING: unknown field 'padding' 
[2026-01-23 10:01:40.131] [combined] [warning] [general] [dsl.strict.button] Validation failed at /Users/joshuashin/conductor/workspaces/TheGameJamTemplate/rabat/assets/scripts/ui/player_inventory.lua:747:
  WARNING: unknown field 'padding' 
[2026-01-23 10:01:40.131] [combined] [warning] [general] [dsl.strict.button] Validation failed at /Users/joshuashin/conductor/workspaces/TheGameJamTemplate/rabat/assets/scripts/ui/player_inventory.lua:747:
  WARNING: unknown field 'padding' 
[2026-01-23 10:01:40.131] [combined] [warning] [general] [dsl.strict.button] Validation failed at /Users/joshuashin/conductor/workspaces/TheGameJamTemplate/rabat/assets/scripts/ui/player_inventory.lua:747:
  WARNING: unknown field 'padding' 
[2026-01-23 10:01:40.131] [combined] [warning] [general] [dsl.strict.button] Validation failed at /Users/joshuashin/conductor/workspaces/TheGameJamTemplate/rabat/assets/scripts/ui/player_inventory.lua:781:
  WARNING: unknown field 'padding' 
[2026-01-23 10:01:40.131] [combined] [warning] [general] [dsl.strict.button] Validation failed at /Users/joshuashin/conductor/workspaces/TheGameJamTemplate/rabat/assets/scripts/ui/player_inventory.lua:793:
  WARNING: unknown field 'padding' 
[2026-01-23 10:01:40.131] [combined] [warning] [general] [dsl.strict.spritePanel] Validation failed at /Users/joshuashin/conductor/workspaces/TheGameJamTemplate/rabat/assets/scripts/ui/player_inventory.lua:1119:
  WARNING: unknown field 'config' 
[2026-01-23 10:01:42.049] [combined] [warning] [general] [Gameplay] Content validation found errors - check console output 
[2026-01-23 10:01:42.055] [combined] [error] Lua update failed: ...heGameJamTemplate/rabat/assets/scripts/ui/wand_panel.lua:845: attempt to call a nil value (global 'createHeader')
stack traceback:
	...heGameJamTemplate/rabat/assets/scripts/ui/wand_panel.lua:845: in upvalue 'createWandStatsRow'
	...heGameJamTemplate/rabat/assets/scripts/ui/wand_panel.lua:1347: in upvalue 'createPanelDefinition'
	...heGameJamTemplate/rabat/assets/scripts/ui/wand_panel.lua:1629: in function 'ui.wand_panel.initialize'
	...heGameJamTemplate/rabat/assets/scripts/core/gameplay.lua:5599: in function 'base.initPlanningPhase'
	...es/TheGameJamTemplate/rabat/assets/scripts/core/main.lua:1044: in function 'base.initMainGame'
	...es/TheGameJamTemplate/rabat/assets/scripts/core/main.lua:1085: in function 'base.changeGameState'
	...es/TheGameJamTemplate/rabat/assets/scripts/core/main.lua:945: in field 'action'
	...s/TheGameJamTemplate/rabat/assets/scripts/core/timer.lua:582: in function 'core.timer.update'
	...es/TheGameJamTemplate/rabat/assets/scripts/core/main.lua:1320: in function <...es/TheGameJamTemplate/rabat/assets/scripts/core/main.lua:1298>
[2026-01-23 10:01:42.088] [combined] [warning] [general] [Gameplay] Content validation found errors - check console output 
[2026-01-23 10:01:42.091] [combined] [error] Lua update failed: ...heGameJamTemplate/rabat/assets/scripts/ui/wand_panel.lua:845: attempt to call a nil value (global 'createHeader')
stack traceback:
	...heGameJamTemplate/rabat/assets/scripts/ui/wand_panel.lua:845: in upvalue 'createWandStatsRow'
	...heGameJamTemplate/rabat/assets/scripts/ui/wand_panel.lua:1347: in upvalue 'createPanelDefinition'
	...heGameJamTemplate/rabat/assets/scripts/ui/wand_panel.lua:1629: in function 'ui.wand_panel.initialize'
	...heGameJamTemplate/rabat/assets/scripts/core/gameplay.lua:5599: in function 'base.initPlanningPhase'
	...es/TheGameJamTemplate/rabat/assets/scripts/core/main.lua:1044: in function 'base.initMainGame'
	...es/TheGameJamTemplate/rabat/assets/scripts/core/main.lua:1085: in function 'base.changeGameState'
	...es/TheGameJamTemplate/rabat/assets/scripts/core/main.lua:945: in field 'action'
	...s/TheGameJamTemplate/rabat/assets/scripts/core/timer.lua:582: in function 'core.timer.update'
	...es/TheGameJamTemplate/rabat/assets/scripts/core/main.lua:1320: in function <...es/TheGameJamTemplate/rabat/assets/scripts/core/main.lua:1298>
[2026-01-23 10:01:42.134] [combined] [warning] [general] [Gameplay] Content validation found errors - check console output 
[2026-01-23 10:01:42.136] [combined] [error] Lua update failed: ...heGameJamTemplate/rabat/assets/scripts/ui/wand_panel.lua:845: attempt to call a nil value (global 'createHeader')
stack traceback:
	...heGameJamTemplate/rabat/assets/scripts/ui/wand_panel.lua:845: in upvalue 'createWandStatsRow'
	...heGameJamTemplate/rabat/assets/scripts/ui/wand_panel.lua:1347: in upvalue 'createPanelDefinition'
	...heGameJamTemplate/rabat/assets/scripts/ui/wand_panel.lua:1629: in function 'ui.wand_panel.initialize'
	...heGameJamTemplate/rabat/assets/scripts/core/gameplay.lua:5599: in function 'base.initPlanningPhase'
	...es/TheGameJamTemplate/rabat/assets/scripts/core/main.lua:1044: in function 'base.initMainGame'
	...es/TheGameJamTemplate/rabat/assets/scripts/core/main.lua:1085: in function 'base.changeGameState'
	...es/TheGameJamTemplate/rabat/assets/scripts/core/main.lua:945: in field 'action'
	...s/TheGameJamTemplate/rabat/assets/scripts/core/timer.lua:582: in function 'core.timer.update'
	...es/TheGameJamTemplate/rabat/assets/scripts/core/main.lua:1320: in function <...es/TheGameJamTemplate/rabat/assets/scripts/core/main.lua:1298>
[2026-01-23 10:01:42.192] [combined] [error] Lua update failed: ...heGameJamTemplate/rabat/assets/scripts/ui/wand_panel.lua:845: attempt to call a nil value (global 'createHeader')
stack traceback:
	...heGameJamTemplate/rabat/assets/scripts/ui/wand_panel.lua:845: in upvalue 'createWandStatsRow'
	...heGameJamTemplate/rabat/assets/scripts/ui/wand_panel.lua:1347: in upvalue 'createPanelDefinition'
	...heGameJamTemplate/rabat/assets/scripts/ui/wand_panel.lua:1629: in function 'ui.wand_panel.initialize'
	...heGameJamTemplate/rabat/assets/scripts/ui/wand_panel.lua:1770: in function 'ui.wand_panel.open'
	...heGameJamTemplate/rabat/assets/scripts/ui/wand_panel.lua:2151: in field 'action'
	...s/TheGameJamTemplate/rabat/assets/scripts/core/timer.lua:582: in function 'core.timer.update'
	...es/TheGameJamTemplate/rabat/assets/scripts/core/main.lua:1320: in function <...es/TheGameJamTemplate/rabat/assets/scripts/core/main.lua:1298>
[2026-01-23 10:01:42.248] [combined] [error] Lua update failed: ...heGameJamTemplate/rabat/assets/scripts/ui/wand_panel.lua:845: attempt to call a nil value (global 'createHeader')
stack traceback:
	...heGameJamTemplate/rabat/assets/scripts/ui/wand_panel.lua:845: in upvalue 'createWandStatsRow'
	...heGameJamTemplate/rabat/assets/scripts/ui/wand_panel.lua:1347: in upvalue 'createPanelDefinition'
	...heGameJamTemplate/rabat/assets/scripts/ui/wand_panel.lua:1629: in function 'ui.wand_panel.initialize'
	...heGameJamTemplate/rabat/assets/scripts/ui/wand_panel.lua:1770: in function 'ui.wand_panel.open'
	...heGameJamTemplate/rabat/assets/scripts/ui/wand_panel.lua:2151: in field 'action'
	...s/TheGameJamTemplate/rabat/assets/scripts/core/timer.lua:582: in function 'core.timer.update'
	...es/TheGameJamTemplate/rabat/assets/scripts/core/main.lua:1320: in function <...es/TheGameJamTemplate/rabat/assets/scripts/core/main.lua:1298>
[2026-01-23 10:01:42.304] [combined] [error] Lua update failed: ...heGameJamTemplate/rabat/assets/scripts/ui/wand_panel.lua:845: attempt to call a nil value (global 'createHeader')
stack traceback:
	...heGameJamTemplate/rabat/assets/scripts/ui/wand_panel.lua:845: in upvalue 'createWandStatsRow'
	...heGameJamTemplate/rabat/assets/scripts/ui/wand_panel.lua:1347: in upvalue 'createPanelDefinition'
	...heGameJamTemplate/rabat/assets/scripts/ui/wand_panel.lua:1629: in function 'ui.wand_panel.initialize'
	...heGameJamTemplate/rabat/assets/scripts/ui/wand_panel.lua:1770: in function 'ui.wand_panel.open'
	...heGameJamTemplate/rabat/assets/scripts/ui/wand_panel.lua:2151: in field 'action'
	...s/TheGameJamTemplate/rabat/assets/scripts/core/timer.lua:582: in function 'core.timer.update'
	...es/TheGameJamTemplate/rabat/assets/scripts/core/main.lua:1320: in function <...es/TheGameJamTemplate/rabat/assets/scripts/core/main.lua:1298>
[2026-01-23 10:01:42.361] [combined] [error] Lua update failed: ...heGameJamTemplate/rabat/assets/scripts/ui/wand_panel.lua:845: attempt to call a nil value (global 'createHeader')
stack traceback:
	...heGameJamTemplate/rabat/assets/scripts/ui/wand_panel.lua:845: in upvalue 'createWandStatsRow'
	...heGameJamTemplate/rabat/assets/scripts/ui/wand_panel.lua:1347: in upvalue 'createPanelDefinition'
	...heGameJamTemplate/rabat/assets/scripts/ui/wand_panel.lua:1629: in function 'ui.wand_panel.initialize'
	...heGameJamTemplate/rabat/assets/scripts/ui/wand_panel.lua:1770: in function 'ui.wand_panel.open'
	...heGameJamTemplate/rabat/assets/scripts/ui/wand_panel.lua:2151: in field 'action'
	...s/TheGameJamTemplate/rabat/assets/scripts/core/timer.lua:582: in function 'core.timer.update'
	...es/TheGameJamTemplate/rabat/assets/scripts/core/main.lua:1320: in function <...es/TheGameJamTemplate/rabat/assets/scripts/core/main.lua:1298>
[2026-01-23 10:01:42.417] [combined] [error] Lua update failed: ...heGameJamTemplate/rabat/assets/scripts/ui/wand_panel.lua:845: attempt to call a nil value (global 'createHeader')
stack traceback:
	...heGameJamTemplate/rabat/assets/scripts/ui/wand_panel.lua:845: in upvalue 'createWandStatsRow'
	...heGameJamTemplate/rabat/assets/scripts/ui/wand_panel.lua:1347: in upvalue 'createPanelDefinition'
	...heGameJamTemplate/rabat/assets/scripts/ui/wand_panel.lua:1629: in function 'ui.wand_panel.initialize'
	...heGameJamTemplate/rabat/assets/scripts/ui/wand_panel.lua:1770: in function 'ui.wand_panel.open'
	...heGameJamTemplate/rabat/assets/scripts/ui/wand_panel.lua:2151: in field 'action'
	...s/TheGameJamTemplate/rabat/assets/scripts/core/timer.lua:582: in function 'core.timer.update'
	...es/TheGameJamTemplate/rabat/assets/scripts/core/main.lua:1320: in function <...es/TheGameJamTemplate/rabat/assets/scripts/core/main.lua:1298>
[2026-01-23 10:01:42.476] [combined] [error] Lua update failed: ...heGameJamTemplate/rabat/assets/scripts/ui/wand_panel.lua:845: attempt to call a nil value (global 'createHeader')
stack traceback:
	...heGameJamTemplate/rabat/assets/scripts/ui/wand_panel.lua:845: in upvalue 'createWandStatsRow'
	...heGameJamTemplate/rabat/assets/scripts/ui/wand_panel.lua:1347: in upvalue 'createPanelDefinition'
	...heGameJamTemplate/rabat/assets/scripts/ui/wand_panel.lua:1629: in function 'ui.wand_panel.initialize'
	...heGameJamTemplate/rabat/assets/scripts/ui/wand_panel.lua:1770: in function 'ui.wand_panel.open'
	...heGameJamTemplate/rabat/assets/scripts/ui/wand_panel.lua:2151: in field 'action'
	...s/TheGameJamTemplate/rabat/assets/scripts/core/timer.lua:582: in function 'core.timer.update'
	...es/TheGameJamTemplate/rabat/assets/scripts/core/main.lua:1320: in function <...es/TheGameJamTemplate/rabat/assets/scripts/core/main.lua:1298>
[2026-01-23 10:01:42.533] [combined] [error] Lua update failed: ...heGameJamTemplate/rabat/assets/scripts/ui/wand_panel.lua:845: attempt to call a nil value (global 'createHeader')
stack traceback:
	...heGameJamTemplate/rabat/assets/scripts/ui/wand_panel.lua:845: in upvalue 'createWandStatsRow'
	...heGameJamTemplate/rabat/assets/scripts/ui/wand_panel.lua:1347: in upvalue 'createPanelDefinition'
	...heGameJamTemplate/rabat/assets/scripts/ui/wand_panel.lua:1629: in function 'ui.wand_panel.initialize'
	...heGameJamTemplate/rabat/assets/scripts/ui/wand_panel.lua:1770: in function 'ui.wand_panel.open'
	...heGameJamTemplate/rabat/assets/scripts/ui/wand_panel.lua:2151: in field 'action'
	...s/TheGameJamTemplate/rabat/assets/scripts/core/timer.lua:582: in function 'core.timer.update'
	...es/TheGameJamTemplate/rabat/assets/scripts/core/main.lua:1320: in function <...es/TheGameJamTemplate/rabat/assets/scripts/core/main.lua:1298>
[2026-01-23 10:01:42.593] [combined] [error] Lua update failed: ...heGameJamTemplate/rabat/assets/scripts/ui/wand_panel.lua:845: attempt to call a nil value (global 'createHeader')
stack traceback:
	...heGameJamTemplate/rabat/assets/scripts/ui/wand_panel.lua:845: in upvalue 'createWandStatsRow'
	...heGameJamTemplate/rabat/assets/scripts/ui/wand_panel.lua:1347: in upvalue 'createPanelDefinition'
	...heGameJamTemplate/rabat/assets/scripts/ui/wand_panel.lua:1629: in function 'ui.wand_panel.initialize'
	...heGameJamTemplate/rabat/assets/scripts/ui/wand_panel.lua:1770: in function 'ui.wand_panel.open'
	...heGameJamTemplate/rabat/assets/scripts/ui/wand_panel.lua:2151: in field 'action'
	...s/TheGameJamTemplate/rabat/assets/scripts/core/timer.lua:582: in function 'core.timer.update'
	...es/TheGameJamTemplate/rabat/assets/scripts/core/main.lua:1320: in function <...es/TheGameJamTemplate/rabat/assets/scripts/core/main.lua:1298>
[2026-01-23 10:01:42.649] [combined] [error] Lua update failed: ...heGameJamTemplate/rabat/assets/scripts/ui/wand_panel.lua:845: attempt to call a nil value (global 'createHeader')
stack traceback:
	...heGameJamTemplate/rabat/assets/scripts/ui/wand_panel.lua:845: in upvalue 'createWandStatsRow'
	...heGameJamTemplate/rabat/assets/scripts/ui/wand_panel.lua:1347: in upvalue 'createPanelDefinition'
	...heGameJamTemplate/rabat/assets/scripts/ui/wand_panel.lua:1629: in function 'ui.wand_panel.initialize'
	...heGameJamTemplate/rabat/assets/scripts/ui/wand_panel.lua:1770: in function 'ui.wand_panel.open'
	...heGameJamTemplate/rabat/assets/scripts/ui/wand_panel.lua:2151: in field 'action'
	...s/TheGameJamTemplate/rabat/assets/scripts/core/timer.lua:582: in function 'core.timer.update'
	...es/TheGameJamTemplate/rabat/assets/scripts/core/main.lua:1320: in function <...es/TheGameJamTemplate/rabat/assets/scripts/core/main.lua:1298>
[2026-01-23 10:01:42.704] [combined] [error] Lua update failed: ...heGameJamTemplate/rabat/assets/scripts/ui/wand_panel.lua:845: attempt to call a nil value (global 'createHeader')
stack traceback:
	...heGameJamTemplate/rabat/assets/scripts/ui/wand_panel.lua:845: in upvalue 'createWandStatsRow'
	...heGameJamTemplate/rabat/assets/scripts/ui/wand_panel.lua:1347: in upvalue 'createPanelDefinition'
	...heGameJamTemplate/rabat/assets/scripts/ui/wand_panel.lua:1629: in function 'ui.wand_panel.initialize'
	...heGameJamTemplate/rabat/assets/scripts/ui/wand_panel.lua:1770: in function 'ui.wand_panel.open'
	...heGameJamTemplate/rabat/assets/scripts/ui/wand_panel.lua:2151: in field 'action'
	...s/TheGameJamTemplate/rabat/assets/scripts/core/timer.lua:582: in function 'core.timer.update'
	...es/TheGameJamTemplate/rabat/assets/scripts/core/main.lua:1320: in function <...es/TheGameJamTemplate/rabat/assets/scripts/core/main.lua:1298>
[2026-01-23 10:01:42.761] [combined] [error] Lua update failed: ...heGameJamTemplate/rabat/assets/scripts/ui/wand_panel.lua:845: attempt to call a nil value (global 'createHeader')
stack traceback:
	...heGameJamTemplate/rabat/assets/scripts/ui/wand_panel.lua:845: in upvalue 'createWandStatsRow'
	...heGameJamTemplate/rabat/assets/scripts/ui/wand_panel.lua:1347: in upvalue 'createPanelDefinition'
	...heGameJamTemplate/rabat/assets/scripts/ui/wand_panel.lua:1629: in function 'ui.wand_panel.initialize'
	...heGameJamTemplate/rabat/assets/scripts/ui/wand_panel.lua:1770: in function 'ui.wand_panel.open'
	...heGameJamTemplate/rabat/assets/scripts/ui/wand_panel.lua:2151: in field 'action'
	...s/TheGameJamTemplate/rabat/assets/scripts/core/timer.lua:582: in function 'core.timer.update'
	...es/TheGameJamTemplate/rabat/assets/scripts/core/main.lua:1320: in function <...es/TheGameJamTemplate/rabat/assets/scripts/core/main.lua:1298>
[2026-01-23 10:01:42.818] [combined] [error] Lua update failed: ...heGameJamTemplate/rabat/assets/scripts/ui/wand_panel.lua:845: attempt to call a nil value (global 'createHeader')
stack traceback:
	...heGameJamTemplate/rabat/assets/scripts/ui/wand_panel.lua:845: in upvalue 'createWandStatsRow'
	...heGameJamTemplate/rabat/assets/scripts/ui/wand_panel.lua:1347: in upvalue 'createPanelDefinition'
	...heGameJamTemplate/rabat/assets/scripts/ui/wand_panel.lua:1629: in function 'ui.wand_panel.initialize'
	...heGameJamTemplate/rabat/assets/scripts/ui/wand_panel.lua:1770: in function 'ui.wand_panel.open'
	...heGameJamTemplate/rabat/assets/scripts/ui/wand_panel.lua:2151: in field 'action'
	...s/TheGameJamTemplate/rabat/assets/scripts/core/timer.lua:582: in function 'core.timer.update'
	...es/TheGameJamTemplate/rabat/assets/scripts/core/main.lua:1320: in function <...es/TheGameJamTemplate/rabat/assets/scripts/core/main.lua:1298>
[2026-01-23 10:01:42.874] [combined] [error] Lua update failed: ...heGameJamTemplate/rabat/assets/scripts/ui/wand_panel.lua:845: attempt to call a nil value (global 'createHeader')
stack traceback:
	...heGameJamTemplate/rabat/assets/scripts/ui/wand_panel.lua:845: in upvalue 'createWandStatsRow'
	...heGameJamTemplate/rabat/assets/scripts/ui/wand_panel.lua:1347: in upvalue 'createPanelDefinition'
	...heGameJamTemplate/rabat/assets/scripts/ui/wand_panel.lua:1629: in function 'ui.wand_panel.initialize'
	...heGameJamTemplate/rabat/assets/scripts/ui/wand_panel.lua:1770: in function 'ui.wand_panel.open'
	...heGameJamTemplate/rabat/assets/scripts/ui/wand_panel.lua:2151: in field 'action'
	...s/TheGameJamTemplate/rabat/assets/scripts/core/timer.lua:582: in function 'core.timer.update'
	...es/TheGameJamTemplate/rabat/assets/scripts/core/main.lua:1320: in function <...es/TheGameJamTemplate/rabat/assets/scripts/core/main.lua:1298>
[2026-01-23 10:01:42.938] [combined] [error] Lua update failed: ...heGameJamTemplate/rabat/assets/scripts/ui/wand_panel.lua:845: attempt to call a nil value (global 'createHeader')
stack traceback:
	...heGameJamTemplate/rabat/assets/scripts/ui/wand_panel.lua:845: in upvalue 'createWandStatsRow'
	...heGameJamTemplate/rabat/assets/scripts/ui/wand_panel.lua:1347: in upvalue 'createPanelDefinition'
	...heGameJamTemplate/rabat/assets/scripts/ui/wand_panel.lua:1629: in function 'ui.wand_panel.initialize'
	...heGameJamTemplate/rabat/assets/scripts/ui/wand_panel.lua:1770: in function 'ui.wand_panel.open'
	...heGameJamTemplate/rabat/assets/scripts/ui/wand_panel.lua:2151: in field 'action'
	...s/TheGameJamTemplate/rabat/assets/scripts/core/timer.lua:582: in function 'core.timer.update'
	...es/TheGameJamTemplate/rabat/assets/scripts/core/main.lua:1320: in function <...es/TheGameJamTemplate/rabat/assets/scripts/core/main.lua:1298>
[2026-01-23 10:01:42.997] [combined] [error] Lua update failed: ...heGameJamTemplate/rabat/assets/scripts/ui/wand_panel.lua:845: attempt to call a nil value (global 'createHeader')
stack traceback:
	...heGameJamTemplate/rabat/assets/scripts/ui/wand_panel.lua:845: in upvalue 'createWandStatsRow'
	...heGameJamTemplate/rabat/assets/scripts/ui/wand_panel.lua:1347: in upvalue 'createPanelDefinition'
	...heGameJamTemplate/rabat/assets/scripts/ui/wand_panel.lua:1629: in function 'ui.wand_panel.initialize'
	...heGameJamTemplate/rabat/assets/scripts/ui/wand_panel.lua:1770: in function 'ui.wand_panel.open'
	...heGameJamTemplate/rabat/assets/scripts/ui/wand_panel.lua:2151: in field 'action'
	...s/TheGameJamTemplate/rabat/assets/scripts/core/timer.lua:582: in function 'core.timer.update'
	...es/TheGameJamTemplate/rabat/assets/scripts/core/main.lua:1320: in function <...es/TheGameJamTemplate/rabat/assets/scripts/core/main.lua:1298>
[2026-01-23 10:01:43.053] [combined] [error] Lua update failed: ...heGameJamTemplate/rabat/assets/scripts/ui/wand_panel.lua:845: attempt to call a nil value (global 'createHeader')
stack traceback:
	...heGameJamTemplate/rabat/assets/scripts/ui/wand_panel.lua:845: in upvalue 'createWandStatsRow'
	...heGameJamTemplate/rabat/assets/scripts/ui/wand_panel.lua:1347: in upvalue 'createPanelDefinition'
	...heGameJamTemplate/rabat/assets/scripts/ui/wand_panel.lua:1629: in function 'ui.wand_panel.initialize'
	...heGameJamTemplate/rabat/assets/scripts/ui/wand_panel.lua:1770: in function 'ui.wand_panel.open'
	...heGameJamTemplate/rabat/assets/scripts/ui/wand_panel.lua:2151: in field 'action'
	...s/TheGameJamTemplate/rabat/assets/scripts/core/timer.lua:582: in function 'core.timer.update'
	...es/TheGameJamTemplate/rabat/assets/scripts/core/main.lua:1320: in function <...es/TheGameJamTemplate/rabat/assets/scripts/core/main.lua:1298>
[2026-01-23 10:01:43.109] [combined] [error] Lua update failed: ...heGameJamTemplate/rabat/assets/scripts/ui/wand_panel.lua:845: attempt to call a nil value (global 'createHeader')
stack traceback:
	...heGameJamTemplate/rabat/assets/scripts/ui/wand_panel.lua:845: in upvalue 'createWandStatsRow'
	...heGameJamTemplate/rabat/assets/scripts/ui/wand_panel.lua:1347: in upvalue 'createPanelDefinition'
	...heGameJamTemplate/rabat/assets/scripts/ui/wand_panel.lua:1629: in function 'ui.wand_panel.initialize'
	...heGameJamTemplate/rabat/assets/scripts/ui/wand_panel.lua:1770: in function 'ui.wand_panel.open'
	...heGameJamTemplate/rabat/assets/scripts/ui/wand_panel.lua:2151: in field 'action'
	...s/TheGameJamTemplate/rabat/assets/scripts/core/timer.lua:582: in function 'core.timer.update'
	...es/TheGameJamTemplate/rabat/assets/scripts/core/main.lua:1320: in function <...es/TheGameJamTemplate/rabat/assets/scripts/core/main.lua:1298>
[2026-01-23 10:01:43.165] [combined] [error] Lua update failed: ...heGameJamTemplate/rabat/assets/scripts/ui/wand_panel.lua:845: attempt to call a nil value (global 'createHeader')
stack traceback:
	...heGameJamTemplate/rabat/assets/scripts/ui/wand_panel.lua:845: in upvalue 'createWandStatsRow'
	...heGameJamTemplate/rabat/assets/scripts/ui/wand_panel.lua:1347: in upvalue 'createPanelDefinition'
	...heGameJamTemplate/rabat/assets/scripts/ui/wand_panel.lua:1629: in function 'ui.wand_panel.initialize'
	...heGameJamTemplate/rabat/assets/scripts/ui/wand_panel.lua:1770: in function 'ui.wand_panel.open'
	...heGameJamTemplate/rabat/assets/scripts/ui/wand_panel.lua:2151: in field 'action'
	...s/TheGameJamTemplate/rabat/assets/scripts/core/timer.lua:582: in function 'core.timer.update'
	...es/TheGameJamTemplate/rabat/assets/scripts/core/main.lua:1320: in function <...es/TheGameJamTemplate/rabat/assets/scripts/core/main.lua:1298>
[2026-01-23 10:01:43.220] [combined] [error] Lua update failed: ...heGameJamTemplate/rabat/assets/scripts/ui/wand_panel.lua:845: attempt to call a nil value (global 'createHeader')
stack traceback:
	...heGameJamTemplate/rabat/assets/scripts/ui/wand_panel.lua:845: in upvalue 'createWandStatsRow'
	...heGameJamTemplate/rabat/assets/scripts/ui/wand_panel.lua:1347: in upvalue 'createPanelDefinition'
	...heGameJamTemplate/rabat/assets/scripts/ui/wand_panel.lua:1629: in function 'ui.wand_panel.initialize'
	...heGameJamTemplate/rabat/assets/scripts/ui/wand_panel.lua:1770: in function 'ui.wand_panel.open'
	...heGameJamTemplate/rabat/assets/scripts/ui/wand_panel.lua:2151: in field 'action'
	...s/TheGameJamTemplate/rabat/assets/scripts/core/timer.lua:582: in function 'core.timer.update'
	...es/TheGameJamTemplate/rabat/assets/scripts/core/main.lua:1320: in function <...es/TheGameJamTemplate/rabat/assets/scripts/core/main.lua:1298>
[2026-01-23 10:01:43.277] [combined] [error] Lua update failed: ...heGameJamTemplate/rabat/assets/scripts/ui/wand_panel.lua:845: attempt to call a nil value (global 'createHeader')
stack traceback:
	...heGameJamTemplate/rabat/assets/scripts/ui/wand_panel.lua:845: in upvalue 'createWandStatsRow'
	...heGameJamTemplate/rabat/assets/scripts/ui/wand_panel.lua:1347: in upvalue 'createPanelDefinition'
	...heGameJamTemplate/rabat/assets/scripts/ui/wand_panel.lua:1629: in function 'ui.wand_panel.initialize'
	...heGameJamTemplate/rabat/assets/scripts/ui/wand_panel.lua:1770: in function 'ui.wand_panel.open'
	...heGameJamTemplate/rabat/assets/scripts/ui/wand_panel.lua:2151: in field 'action'
	...s/TheGameJamTemplate/rabat/assets/scripts/core/timer.lua:582: in function 'core.timer.update'
	...es/TheGameJamTemplate/rabat/assets/scripts/core/main.lua:1320: in function <...es/TheGameJamTemplate/rabat/assets/scripts/core/main.lua:1298>
[2026-01-23 10:01:43.333] [combined] [error] Lua update failed: ...heGameJamTemplate/rabat/assets/scripts/ui/wand_panel.lua:845: attempt to call a nil value (global 'createHeader')
stack traceback:
	...heGameJamTemplate/rabat/assets/scripts/ui/wand_panel.lua:845: in upvalue 'createWandStatsRow'
	...heGameJamTemplate/rabat/assets/scripts/ui/wand_panel.lua:1347: in upvalue 'createPanelDefinition'
	...heGameJamTemplate/rabat/assets/scripts/ui/wand_panel.lua:1629: in function 'ui.wand_panel.initialize'
	...heGameJamTemplate/rabat/assets/scripts/ui/wand_panel.lua:1770: in function 'ui.wand_panel.open'
	...heGameJamTemplate/rabat/assets/scripts/ui/wand_panel.lua:2151: in field 'action'
	...s/TheGameJamTemplate/rabat/assets/scripts/core/timer.lua:582: in function 'core.timer.update'
	...es/TheGameJamTemplate/rabat/assets/scripts/core/main.lua:1320: in function <...es/TheGameJamTemplate/rabat/assets/scripts/core/main.lua:1298>
[2026-01-23 10:01:43.388] [combined] [error] Lua update failed: ...heGameJamTemplate/rabat/assets/scripts/ui/wand_panel.lua:845: attempt to call a nil value (global 'createHeader')
stack traceback:
	...heGameJamTemplate/rabat/assets/scripts/ui/wand_panel.lua:845: in upvalue 'createWandStatsRow'
	...heGameJamTemplate/rabat/assets/scripts/ui/wand_panel.lua:1347: in upvalue 'createPanelDefinition'
	...heGameJamTemplate/rabat/assets/scripts/ui/wand_panel.lua:1629: in function 'ui.wand_panel.initialize'
	...heGameJamTemplate/rabat/assets/scripts/ui/wand_panel.lua:1770: in function 'ui.wand_panel.open'
	...heGameJamTemplate/rabat/assets/scripts/ui/wand_panel.lua:2151: in field 'action'
	...s/TheGameJamTemplate/rabat/assets/scripts/core/timer.lua:582: in function 'core.timer.update'
	...es/TheGameJamTemplate/rabat/assets/scripts/core/main.lua:1320: in function <...es/TheGameJamTemplate/rabat/assets/scripts/core/main.lua:1298>
[2026-01-23 10:01:43.444] [combined] [error] Lua update failed: ...heGameJamTemplate/rabat/assets/scripts/ui/wand_panel.lua:845: attempt to call a nil value (global 'createHeader')
stack traceback:
	...heGameJamTemplate/rabat/assets/scripts/ui/wand_panel.lua:845: in upvalue 'createWandStatsRow'
	...heGameJamTemplate/rabat/assets/scripts/ui/wand_panel.lua:1347: in upvalue 'createPanelDefinition'
	...heGameJamTemplate/rabat/assets/scripts/ui/wand_panel.lua:1629: in function 'ui.wand_panel.initialize'
	...heGameJamTemplate/rabat/assets/scripts/ui/wand_panel.lua:1770: in function 'ui.wand_panel.open'
	...heGameJamTemplate/rabat/assets/scripts/ui/wand_panel.lua:2151: in field 'action'
	...s/TheGameJamTemplate/rabat/assets/scripts/core/timer.lua:582: in function 'core.timer.update'
	...es/TheGameJamTemplate/rabat/assets/scripts/core/main.lua:1320: in function <...es/TheGameJamTemplate/rabat/assets/scripts/core/main.lua:1298>
[2026-01-23 10:01:43.500] [combined] [error] Lua update failed: ...heGameJamTemplate/rabat/assets/scripts/ui/wand_panel.lua:845: attempt to call a nil value (global 'createHeader')
stack traceback:
	...heGameJamTemplate/rabat/assets/scripts/ui/wand_panel.lua:845: in upvalue 'createWandStatsRow'
	...heGameJamTemplate/rabat/assets/scripts/ui/wand_panel.lua:1347: in upvalue 'createPanelDefinition'
	...heGameJamTemplate/rabat/assets/scripts/ui/wand_panel.lua:1629: in function 'ui.wand_panel.initialize'
	...heGameJamTemplate/rabat/assets/scripts/ui/wand_panel.lua:1770: in function 'ui.wand_panel.open'
	...heGameJamTemplate/rabat/assets/scripts/ui/wand_panel.lua:2151: in field 'action'
	...s/TheGameJamTemplate/rabat/assets/scripts/core/timer.lua:582: in function 'core.timer.update'
	...es/TheGameJamTemplate/rabat/assets/scripts/core/main.lua:1320: in function <...es/TheGameJamTemplate/rabat/assets/scripts/core/main.lua:1298>
[2026-01-23 10:01:43.556] [combined] [error] Lua update failed: ...heGameJamTemplate/rabat/assets/scripts/ui/wand_panel.lua:845: attempt to call a nil value (global 'createHeader')
stack traceback:
	...heGameJamTemplate/rabat/assets/scripts/ui/wand_panel.lua:845: in upvalue 'createWandStatsRow'
	...heGameJamTemplate/rabat/assets/scripts/ui/wand_panel.lua:1347: in upvalue 'createPanelDefinition'
	...heGameJamTemplate/rabat/assets/scripts/ui/wand_panel.lua:1629: in function 'ui.wand_panel.initialize'
	...heGameJamTemplate/rabat/assets/scripts/ui/wand_panel.lua:1770: in function 'ui.wand_panel.open'
	...heGameJamTemplate/rabat/assets/scripts/ui/wand_panel.lua:2151: in field 'action'
	...s/TheGameJamTemplate/rabat/assets/scripts/core/timer.lua:582: in function 'core.timer.update'
	...es/TheGameJamTemplate/rabat/assets/scripts/core/main.lua:1320: in function <...es/TheGameJamTemplate/rabat/assets/scripts/core/main.lua:1298>
[2026-01-23 10:01:43.611] [combined] [error] Lua update failed: ...heGameJamTemplate/rabat/assets/scripts/ui/wand_panel.lua:845: attempt to call a nil value (global 'createHeader')
stack traceback:
	...heGameJamTemplate/rabat/assets/scripts/ui/wand_panel.lua:845: in upvalue 'createWandStatsRow'
	...heGameJamTemplate/rabat/assets/scripts/ui/wand_panel.lua:1347: in upvalue 'createPanelDefinition'
	...heGameJamTemplate/rabat/assets/scripts/ui/wand_panel.lua:1629: in function 'ui.wand_panel.initialize'
	...heGameJamTemplate/rabat/assets/scripts/ui/wand_panel.lua:1770: in function 'ui.wand_panel.open'
	...heGameJamTemplate/rabat/assets/scripts/ui/wand_panel.lua:2151: in field 'action'
	...s/TheGameJamTemplate/rabat/assets/scripts/core/timer.lua:582: in function 'core.timer.update'
	...es/TheGameJamTemplate/rabat/assets/scripts/core/main.lua:1320: in function <...es/TheGameJamTemplate/rabat/assets/scripts/core/main.lua:1298>
[2026-01-23 10:01:43.667] [combined] [error] Lua update failed: ...heGameJamTemplate/rabat/assets/scripts/ui/wand_panel.lua:845: attempt to call a nil value (global 'createHeader')
stack traceback:
	...heGameJamTemplate/rabat/assets/scripts/ui/wand_panel.lua:845: in upvalue 'createWandStatsRow'
	...heGameJamTemplate/rabat/assets/scripts/ui/wand_panel.lua:1347: in upvalue 'createPanelDefinition'
	...heGameJamTemplate/rabat/assets/scripts/ui/wand_panel.lua:1629: in function 'ui.wand_panel.initialize'
	...heGameJamTemplate/rabat/assets/scripts/ui/wand_panel.lua:1770: in function 'ui.wand_panel.open'
	...heGameJamTemplate/rabat/assets/scripts/ui/wand_panel.lua:2151: in field 'action'
	...s/TheGameJamTemplate/rabat/assets/scripts/core/timer.lua:582: in function 'core.timer.update'
	...es/TheGameJamTemplate/rabat/assets/scripts/core/main.lua:1320: in function <...es/TheGameJamTemplate/rabat/assets/scripts/core/main.lua:1298>
[2026-01-23 10:01:43.722] [combined] [error] Lua update failed: ...heGameJamTemplate/rabat/assets/scripts/ui/wand_panel.lua:845: attempt to call a nil value (global 'createHeader')
stack traceback:
	...heGameJamTemplate/rabat/assets/scripts/ui/wand_panel.lua:845: in upvalue 'createWandStatsRow'
	...heGameJamTemplate/rabat/assets/scripts/ui/wand_panel.lua:1347: in upvalue 'createPanelDefinition'
	...heGameJamTemplate/rabat/assets/scripts/ui/wand_panel.lua:1629: in function 'ui.wand_panel.initialize'
	...heGameJamTemplate/rabat/assets/scripts/ui/wand_panel.lua:1770: in function 'ui.wand_panel.open'
	...heGameJamTemplate/rabat/assets/scripts/ui/wand_panel.lua:2151: in field 'action'
	...s/TheGameJamTemplate/rabat/assets/scripts/core/timer.lua:582: in function 'core.timer.update'
	...es/TheGameJamTemplate/rabat/assets/scripts/core/main.lua:1320: in function <...es/TheGameJamTemplate/rabat/assets/scripts/core/main.lua:1298>
[2026-01-23 10:01:43.778] [combined] [error] Lua update failed: ...heGameJamTemplate/rabat/assets/scripts/ui/wand_panel.lua:845: attempt to call a nil value (global 'createHeader')
stack traceback:
	...heGameJamTemplate/rabat/assets/scripts/ui/wand_panel.lua:845: in upvalue 'createWandStatsRow'
	...heGameJamTemplate/rabat/assets/scripts/ui/wand_panel.lua:1347: in upvalue 'createPanelDefinition'
	...heGameJamTemplate/rabat/assets/scripts/ui/wand_panel.lua:1629: in function 'ui.wand_panel.initialize'
	...heGameJamTemplate/rabat/assets/scripts/ui/wand_panel.lua:1770: in function 'ui.wand_panel.open'
	...heGameJamTemplate/rabat/assets/scripts/ui/wand_panel.lua:2151: in field 'action'
	...s/TheGameJamTemplate/rabat/assets/scripts/core/timer.lua:582: in function 'core.timer.update'
	...es/TheGameJamTemplate/rabat/assets/scripts/core/main.lua:1320: in function <...es/TheGameJamTemplate/rabat/assets/scripts/core/main.lua:1298>
[2026-01-23 10:01:43.834] [combined] [error] Lua update failed: ...heGameJamTemplate/rabat/assets/scripts/ui/wand_panel.lua:845: attempt to call a nil value (global 'createHeader')
stack traceback:
	...heGameJamTemplate/rabat/assets/scripts/ui/wand_panel.lua:845: in upvalue 'createWandStatsRow'
	...heGameJamTemplate/rabat/assets/scripts/ui/wand_panel.lua:1347: in upvalue 'createPanelDefinition'
	...heGameJamTemplate/rabat/assets/scripts/ui/wand_panel.lua:1629: in function 'ui.wand_panel.initialize'
	...heGameJamTemplate/rabat/assets/scripts/ui/wand_panel.lua:1770: in function 'ui.wand_panel.open'
	...heGameJamTemplate/rabat/assets/scripts/ui/wand_panel.lua:2151: in field 'action'
	...s/TheGameJamTemplate/rabat/assets/scripts/core/timer.lua:582: in function 'core.timer.update'
	...es/TheGameJamTemplate/rabat/assets/scripts/core/main.lua:1320: in function <...es/TheGameJamTemplate/rabat/assets/scripts/core/main.lua:1298>
[2026-01-23 10:01:43.890] [combined] [error] Lua update failed: ...heGameJamTemplate/rabat/assets/scripts/ui/wand_panel.lua:845: attempt to call a nil value (global 'createHeader')
stack traceback:
	...heGameJamTemplate/rabat/assets/scripts/ui/wand_panel.lua:845: in upvalue 'createWandStatsRow'
	...heGameJamTemplate/rabat/assets/scripts/ui/wand_panel.lua:1347: in upvalue 'createPanelDefinition'
	...heGameJamTemplate/rabat/assets/scripts/ui/wand_panel.lua:1629: in function 'ui.wand_panel.initialize'
	...heGameJamTemplate/rabat/assets/scripts/ui/wand_panel.lua:1770: in function 'ui.wand_panel.open'
	...heGameJamTemplate/rabat/assets/scripts/ui/wand_panel.lua:2151: in field 'action'
	...s/TheGameJamTemplate/rabat/assets/scripts/core/timer.lua:582: in function 'core.timer.update'
	...es/TheGameJamTemplate/rabat/assets/scripts/core/main.lua:1320: in function <...es/TheGameJamTemplate/rabat/assets/scripts/core/main.lua:1298>
[2026-01-23 10:01:43.946] [combined] [error] Lua update failed: ...heGameJamTemplate/rabat/assets/scripts/ui/wand_panel.lua:845: attempt to call a nil value (global 'createHeader')
stack traceback:
	...heGameJamTemplate/rabat/assets/scripts/ui/wand_panel.lua:845: in upvalue 'createWandStatsRow'
	...heGameJamTemplate/rabat/assets/scripts/ui/wand_panel.lua:1347: in upvalue 'createPanelDefinition'
	...heGameJamTemplate/rabat/assets/scripts/ui/wand_panel.lua:1629: in function 'ui.wand_panel.initialize'
	...heGameJamTemplate/rabat/assets/scripts/ui/wand_panel.lua:1770: in function 'ui.wand_panel.open'
	...heGameJamTemplate/rabat/assets/scripts/ui/wand_panel.lua:2151: in field 'action'
	...s/TheGameJamTemplate/rabat/assets/scripts/core/timer.lua:582: in function 'core.timer.update'
	...es/TheGameJamTemplate/rabat/assets/scripts/core/main.lua:1320: in function <...es/TheGameJamTemplate/rabat/assets/scripts/core/main.lua:1298>
[2026-01-23 10:01:44.002] [combined] [error] Lua update failed: ...heGameJamTemplate/rabat/assets/scripts/ui/wand_panel.lua:845: attempt to call a nil value (global 'createHeader')
stack traceback:
	...heGameJamTemplate/rabat/assets/scripts/ui/wand_panel.lua:845: in upvalue 'createWandStatsRow'
	...heGameJamTemplate/rabat/assets/scripts/ui/wand_panel.lua:1347: in upvalue 'createPanelDefinition'
	...heGameJamTemplate/rabat/assets/scripts/ui/wand_panel.lua:1629: in function 'ui.wand_panel.initialize'
	...heGameJamTemplate/rabat/assets/scripts/ui/wand_panel.lua:1770: in function 'ui.wand_panel.open'
	...heGameJamTemplate/rabat/assets/scripts/ui/wand_panel.lua:2151: in field 'action'
	...s/TheGameJamTemplate/rabat/assets/scripts/core/timer.lua:582: in function 'core.timer.update'
	...es/TheGameJamTemplate/rabat/assets/scripts/core/main.lua:1320: in function <...es/TheGameJamTemplate/rabat/assets/scripts/core/main.lua:1298>
[2026-01-23 10:01:44.058] [combined] [error] Lua update failed: ...heGameJamTemplate/rabat/assets/scripts/ui/wand_panel.lua:845: attempt to call a nil value (global 'createHeader')
stack traceback:
	...heGameJamTemplate/rabat/assets/scripts/ui/wand_panel.lua:845: in upvalue 'createWandStatsRow'
	...heGameJamTemplate/rabat/assets/scripts/ui/wand_panel.lua:1347: in upvalue 'createPanelDefinition'
	...heGameJamTemplate/rabat/assets/scripts/ui/wand_panel.lua:1629: in function 'ui.wand_panel.initialize'
	...heGameJamTemplate/rabat/assets/scripts/ui/wand_panel.lua:1770: in function 'ui.wand_panel.open'
	...heGameJamTemplate/rabat/assets/scripts/ui/wand_panel.lua:2151: in field 'action'
	...s/TheGameJamTemplate/rabat/assets/scripts/core/timer.lua:582: in function 'core.timer.update'
	...es/TheGameJamTemplate/rabat/assets/scripts/core/main.lua:1320: in function <...es/TheGameJamTemplate/rabat/assets/scripts/core/main.lua:1298>
[2026-01-23 10:01:44.113] [combined] [error] Lua update failed: ...heGameJamTemplate/rabat/assets/scripts/ui/wand_panel.lua:845: attempt to call a nil value (global 'createHeader')
stack traceback:
	...heGameJamTemplate/rabat/assets/scripts/ui/wand_panel.lua:845: in upvalue 'createWandStatsRow'
	...heGameJamTemplate/rabat/assets/scripts/ui/wand_panel.lua:1347: in upvalue 'createPanelDefinition'
	...heGameJamTemplate/rabat/assets/scripts/ui/wand_panel.lua:1629: in function 'ui.wand_panel.initialize'
	...heGameJamTemplate/rabat/assets/scripts/ui/wand_panel.lua:1770: in function 'ui.wand_panel.open'
	...heGameJamTemplate/rabat/assets/scripts/ui/wand_panel.lua:2151: in field 'action'
	...s/TheGameJamTemplate/rabat/assets/scripts/core/timer.lua:582: in function 'core.timer.update'
	...es/TheGameJamTemplate/rabat/assets/scripts/core/main.lua:1320: in function <...es/TheGameJamTemplate/rabat/assets/scripts/core/main.lua:1298>
[2026-01-23 10:01:44.170] [combined] [error] Lua update failed: ...heGameJamTemplate/rabat/assets/scripts/ui/wand_panel.lua:845: attempt to call a nil value (global 'createHeader')
stack traceback:
	...heGameJamTemplate/rabat/assets/scripts/ui/wand_panel.lua:845: in upvalue 'createWandStatsRow'
	...heGameJamTemplate/rabat/assets/scripts/ui/wand_panel.lua:1347: in upvalue 'createPanelDefinition'
	...heGameJamTemplate/rabat/assets/scripts/ui/wand_panel.lua:1629: in function 'ui.wand_panel.initialize'
	...heGameJamTemplate/rabat/assets/scripts/ui/wand_panel.lua:1770: in function 'ui.wand_panel.open'
	...heGameJamTemplate/rabat/assets/scripts/ui/wand_panel.lua:2151: in field 'action'
	...s/TheGameJamTemplate/rabat/assets/scripts/core/timer.lua:582: in function 'core.timer.update'
	...es/TheGameJamTemplate/rabat/assets/scripts/core/main.lua:1320: in function <...es/TheGameJamTemplate/rabat/assets/scripts/core/main.lua:1298>
[2026-01-23 10:01:44.226] [combined] [error] Lua update failed: ...heGameJamTemplate/rabat/assets/scripts/ui/wand_panel.lua:845: attempt to call a nil value (global 'createHeader')
stack traceback:
	...heGameJamTemplate/rabat/assets/scripts/ui/wand_panel.lua:845: in upvalue 'createWandStatsRow'
	...heGameJamTemplate/rabat/assets/scripts/ui/wand_panel.lua:1347: in upvalue 'createPanelDefinition'
	...heGameJamTemplate/rabat/assets/scripts/ui/wand_panel.lua:1629: in function 'ui.wand_panel.initialize'
	...heGameJamTemplate/rabat/assets/scripts/ui/wand_panel.lua:1770: in function 'ui.wand_panel.open'
	...heGameJamTemplate/rabat/assets/scripts/ui/wand_panel.lua:2151: in field 'action'
	...s/TheGameJamTemplate/rabat/assets/scripts/core/timer.lua:582: in function 'core.timer.update'
	...es/TheGameJamTemplate/rabat/assets/scripts/core/main.lua:1320: in function <...es/TheGameJamTemplate/rabat/assets/scripts/core/main.lua:1298>
[2026-01-23 10:01:44.282] [combined] [error] Lua update failed: ...heGameJamTemplate/rabat/assets/scripts/ui/wand_panel.lua:845: attempt to call a nil value (global 'createHeader')
stack traceback:
	...heGameJamTemplate/rabat/assets/scripts/ui/wand_panel.lua:845: in upvalue 'createWandStatsRow'
	...heGameJamTemplate/rabat/assets/scripts/ui/wand_panel.lua:1347: in upvalue 'createPanelDefinition'
	...heGameJamTemplate/rabat/assets/scripts/ui/wand_panel.lua:1629: in function 'ui.wand_panel.initialize'
	...heGameJamTemplate/rabat/assets/scripts/ui/wand_panel.lua:1770: in function 'ui.wand_panel.open'
	...heGameJamTemplate/rabat/assets/scripts/ui/wand_panel.lua:2151: in field 'action'
	...s/TheGameJamTemplate/rabat/assets/scripts/core/timer.lua:582: in function 'core.timer.update'
	...es/TheGameJamTemplate/rabat/assets/scripts/core/main.lua:1320: in function <...es/TheGameJamTemplate/rabat/assets/scripts/core/main.lua:1298>
[2026-01-23 10:01:44.338] [combined] [error] Lua update failed: ...heGameJamTemplate/rabat/assets/scripts/ui/wand_panel.lua:845: attempt to call a nil value (global 'createHeader')
stack traceback:
	...heGameJamTemplate/rabat/assets/scripts/ui/wand_panel.lua:845: in upvalue 'createWandStatsRow'
	...heGameJamTemplate/rabat/assets/scripts/ui/wand_panel.lua:1347: in upvalue 'createPanelDefinition'
	...heGameJamTemplate/rabat/assets/scripts/ui/wand_panel.lua:1629: in function 'ui.wand_panel.initialize'
	...heGameJamTemplate/rabat/assets/scripts/ui/wand_panel.lua:1770: in function 'ui.wand_panel.open'
	...heGameJamTemplate/rabat/assets/scripts/ui/wand_panel.lua:2151: in field 'action'
	...s/TheGameJamTemplate/rabat/assets/scripts/core/timer.lua:582: in function 'core.timer.update'
	...es/TheGameJamTemplate/rabat/assets/scripts/core/main.lua:1320: in function <...es/TheGameJamTemplate/rabat/assets/scripts/core/main.lua:1298>
[2026-01-23 10:01:44.394] [combined] [error] Lua update failed: ...heGameJamTemplate/rabat/assets/scripts/ui/wand_panel.lua:845: attempt to call a nil value (global 'createHeader')
stack traceback:
	...heGameJamTemplate/rabat/assets/scripts/ui/wand_panel.lua:845: in upvalue 'createWandStatsRow'
	...heGameJamTemplate/rabat/assets/scripts/ui/wand_panel.lua:1347: in upvalue 'createPanelDefinition'
	...heGameJamTemplate/rabat/assets/scripts/ui/wand_panel.lua:1629: in function 'ui.wand_panel.initialize'
	...heGameJamTemplate/rabat/assets/scripts/ui/wand_panel.lua:1770: in function 'ui.wand_panel.open'
	...heGameJamTemplate/rabat/assets/scripts/ui/wand_panel.lua:2151: in field 'action'
	...s/TheGameJamTemplate/rabat/assets/scripts/core/timer.lua:582: in function 'core.timer.update'
	...es/TheGameJamTemplate/rabat/assets/scripts/core/main.lua:1320: in function <...es/TheGameJamTemplate/rabat/assets/scripts/core/main.lua:1298>
[2026-01-23 10:01:44.449] [combined] [error] Lua update failed: ...heGameJamTemplate/rabat/assets/scripts/ui/wand_panel.lua:845: attempt to call a nil value (global 'createHeader')
stack traceback:
	...heGameJamTemplate/rabat/assets/scripts/ui/wand_panel.lua:845: in upvalue 'createWandStatsRow'
	...heGameJamTemplate/rabat/assets/scripts/ui/wand_panel.lua:1347: in upvalue 'createPanelDefinition'
	...heGameJamTemplate/rabat/assets/scripts/ui/wand_panel.lua:1629: in function 'ui.wand_panel.initialize'
	...heGameJamTemplate/rabat/assets/scripts/ui/wand_panel.lua:1770: in function 'ui.wand_panel.open'
	...heGameJamTemplate/rabat/assets/scripts/ui/wand_panel.lua:2151: in field 'action'
	...s/TheGameJamTemplate/rabat/assets/scripts/core/timer.lua:582: in function 'core.timer.update'
	...es/TheGameJamTemplate/rabat/assets/scripts/core/main.lua:1320: in function <...es/TheGameJamTemplate/rabat/assets/scripts/core/main.lua:1298>
[2026-01-23 10:01:44.504] [combined] [error] Lua update failed: ...heGameJamTemplate/rabat/assets/scripts/ui/wand_panel.lua:845: attempt to call a nil value (global 'createHeader')
stack traceback:
	...heGameJamTemplate/rabat/assets/scripts/ui/wand_panel.lua:845: in upvalue 'createWandStatsRow'
	...heGameJamTemplate/rabat/assets/scripts/ui/wand_panel.lua:1347: in upvalue 'createPanelDefinition'
	...heGameJamTemplate/rabat/assets/scripts/ui/wand_panel.lua:1629: in function 'ui.wand_panel.initialize'
	...heGameJamTemplate/rabat/assets/scripts/ui/wand_panel.lua:1770: in function 'ui.wand_panel.open'
	...heGameJamTemplate/rabat/assets/scripts/ui/wand_panel.lua:2151: in field 'action'
	...s/TheGameJamTemplate/rabat/assets/scripts/core/timer.lua:582: in function 'core.timer.update'
	...es/TheGameJamTemplate/rabat/assets/scripts/core/main.lua:1320: in function <...es/TheGameJamTemplate/rabat/assets/scripts/core/main.lua:1298>
[2026-01-23 10:01:44.560] [combined] [error] Lua update failed: ...heGameJamTemplate/rabat/assets/scripts/ui/wand_panel.lua:845: attempt to call a nil value (global 'createHeader')
stack traceback:
	...heGameJamTemplate/rabat/assets/scripts/ui/wand_panel.lua:845: in upvalue 'createWandStatsRow'
	...heGameJamTemplate/rabat/assets/scripts/ui/wand_panel.lua:1347: in upvalue 'createPanelDefinition'
	...heGameJamTemplate/rabat/assets/scripts/ui/wand_panel.lua:1629: in function 'ui.wand_panel.initialize'
	...heGameJamTemplate/rabat/assets/scripts/ui/wand_panel.lua:1770: in function 'ui.wand_panel.open'
	...heGameJamTemplate/rabat/assets/scripts/ui/wand_panel.lua:2151: in field 'action'
	...s/TheGameJamTemplate/rabat/assets/scripts/core/timer.lua:582: in function 'core.timer.update'
	...es/TheGameJamTemplate/rabat/assets/scripts/core/main.lua:1320: in function <...es/TheGameJamTemplate/rabat/assets/scripts/core/main.lua:1298>
[2026-01-23 10:01:44.616] [combined] [error] Lua update failed: ...heGameJamTemplate/rabat/assets/scripts/ui/wand_panel.lua:845: attempt to call a nil value (global 'createHeader')
stack traceback:
	...heGameJamTemplate/rabat/assets/scripts/ui/wand_panel.lua:845: in upvalue 'createWandStatsRow'
	...heGameJamTemplate/rabat/assets/scripts/ui/wand_panel.lua:1347: in upvalue 'createPanelDefinition'
	...heGameJamTemplate/rabat/assets/scripts/ui/wand_panel.lua:1629: in function 'ui.wand_panel.initialize'
	...heGameJamTemplate/rabat/assets/scripts/ui/wand_panel.lua:1770: in function 'ui.wand_panel.open'
	...heGameJamTemplate/rabat/assets/scripts/ui/wand_panel.lua:2151: in field 'action'
	...s/TheGameJamTemplate/rabat/assets/scripts/core/timer.lua:582: in function 'core.timer.update'
	...es/TheGameJamTemplate/rabat/assets/scripts/core/main.lua:1320: in function <...es/TheGameJamTemplate/rabat/assets/scripts/core/main.lua:1298>
[2026-01-23 10:01:44.672] [combined] [error] Lua update failed: ...heGameJamTemplate/rabat/assets/scripts/ui/wand_panel.lua:845: attempt to call a nil value (global 'createHeader')
stack traceback:
	...heGameJamTemplate/rabat/assets/scripts/ui/wand_panel.lua:845: in upvalue 'createWandStatsRow'
	...heGameJamTemplate/rabat/assets/scripts/ui/wand_panel.lua:1347: in upvalue 'createPanelDefinition'
	...heGameJamTemplate/rabat/assets/scripts/ui/wand_panel.lua:1629: in function 'ui.wand_panel.initialize'
	...heGameJamTemplate/rabat/assets/scripts/ui/wand_panel.lua:1770: in function 'ui.wand_panel.open'
	...heGameJamTemplate/rabat/assets/scripts/ui/wand_panel.lua:2151: in field 'action'
	...s/TheGameJamTemplate/rabat/assets/scripts/core/timer.lua:582: in function 'core.timer.update'
	...es/TheGameJamTemplate/rabat/assets/scripts/core/main.lua:1320: in function <...es/TheGameJamTemplate/rabat/assets/scripts/core/main.lua:1298>
[2026-01-23 10:01:44.728] [combined] [error] Lua update failed: ...heGameJamTemplate/rabat/assets/scripts/ui/wand_panel.lua:845: attempt to call a nil value (global 'createHeader')
stack traceback:
	...heGameJamTemplate/rabat/assets/scripts/ui/wand_panel.lua:845: in upvalue 'createWandStatsRow'
	...heGameJamTemplate/rabat/assets/scripts/ui/wand_panel.lua:1347: in upvalue 'createPanelDefinition'
	...heGameJamTemplate/rabat/assets/scripts/ui/wand_panel.lua:1629: in function 'ui.wand_panel.initialize'
	...heGameJamTemplate/rabat/assets/scripts/ui/wand_panel.lua:1770: in function 'ui.wand_panel.open'
	...heGameJamTemplate/rabat/assets/scripts/ui/wand_panel.lua:2151: in field 'action'
	...s/TheGameJamTemplate/rabat/assets/scripts/core/timer.lua:582: in function 'core.timer.update'
	...es/TheGameJamTemplate/rabat/assets/scripts/core/main.lua:1320: in function <...es/TheGameJamTemplate/rabat/assets/scripts/core/main.lua:1298>
[2026-01-23 10:01:44.785] [combined] [error] Lua update failed: ...heGameJamTemplate/rabat/assets/scripts/ui/wand_panel.lua:845: attempt to call a nil value (global 'createHeader')
stack traceback:
	...heGameJamTemplate/rabat/assets/scripts/ui/wand_panel.lua:845: in upvalue 'createWandStatsRow'
	...heGameJamTemplate/rabat/assets/scripts/ui/wand_panel.lua:1347: in upvalue 'createPanelDefinition'
	...heGameJamTemplate/rabat/assets/scripts/ui/wand_panel.lua:1629: in function 'ui.wand_panel.initialize'
	...heGameJamTemplate/rabat/assets/scripts/ui/wand_panel.lua:1770: in function 'ui.wand_panel.open'
	...heGameJamTemplate/rabat/assets/scripts/ui/wand_panel.lua:2151: in field 'action'
	...s/TheGameJamTemplate/rabat/assets/scripts/core/timer.lua:582: in function 'core.timer.update'
	...es/TheGameJamTemplate/rabat/assets/scripts/core/main.lua:1320: in function <...es/TheGameJamTemplate/rabat/assets/scripts/core/main.lua:1298>
[2026-01-23 10:01:44.842] [combined] [error] Lua update failed: ...heGameJamTemplate/rabat/assets/scripts/ui/wand_panel.lua:845: attempt to call a nil value (global 'createHeader')
stack traceback:
	...heGameJamTemplate/rabat/assets/scripts/ui/wand_panel.lua:845: in upvalue 'createWandStatsRow'
	...heGameJamTemplate/rabat/assets/scripts/ui/wand_panel.lua:1347: in upvalue 'createPanelDefinition'
	...heGameJamTemplate/rabat/assets/scripts/ui/wand_panel.lua:1629: in function 'ui.wand_panel.initialize'
	...heGameJamTemplate/rabat/assets/scripts/ui/wand_panel.lua:1770: in function 'ui.wand_panel.open'
	...heGameJamTemplate/rabat/assets/scripts/ui/wand_panel.lua:2151: in field 'action'
	...s/TheGameJamTemplate/rabat/assets/scripts/core/timer.lua:582: in function 'core.timer.update'
	...es/TheGameJamTemplate/rabat/assets/scripts/core/main.lua:1320: in function <...es/TheGameJamTemplate/rabat/assets/scripts/core/main.lua:1298>
[2026-01-23 10:01:44.897] [combined] [error] Lua update failed: ...heGameJamTemplate/rabat/assets/scripts/ui/wand_panel.lua:845: attempt to call a nil value (global 'createHeader')
stack traceback:
	...heGameJamTemplate/rabat/assets/scripts/ui/wand_panel.lua:845: in upvalue 'createWandStatsRow'
	...heGameJamTemplate/rabat/assets/scripts/ui/wand_panel.lua:1347: in upvalue 'createPanelDefinition'
	...heGameJamTemplate/rabat/assets/scripts/ui/wand_panel.lua:1629: in function 'ui.wand_panel.initialize'
	...heGameJamTemplate/rabat/assets/scripts/ui/wand_panel.lua:1770: in function 'ui.wand_panel.open'
	...heGameJamTemplate/rabat/assets/scripts/ui/wand_panel.lua:2151: in field 'action'
	...s/TheGameJamTemplate/rabat/assets/scripts/core/timer.lua:582: in function 'core.timer.update'
	...es/TheGameJamTemplate/rabat/assets/scripts/core/main.lua:1320: in function <...es/TheGameJamTemplate/rabat/assets/scripts/core/main.lua:1298>
[2026-01-23 10:01:44.953] [combined] [error] Lua update failed: ...heGameJamTemplate/rabat/assets/scripts/ui/wand_panel.lua:845: attempt to call a nil value (global 'createHeader')
stack traceback:
	...heGameJamTemplate/rabat/assets/scripts/ui/wand_panel.lua:845: in upvalue 'createWandStatsRow'
	...heGameJamTemplate/rabat/assets/scripts/ui/wand_panel.lua:1347: in upvalue 'createPanelDefinition'
	...heGameJamTemplate/rabat/assets/scripts/ui/wand_panel.lua:1629: in function 'ui.wand_panel.initialize'
	...heGameJamTemplate/rabat/assets/scripts/ui/wand_panel.lua:1770: in function 'ui.wand_panel.open'
	...heGameJamTemplate/rabat/assets/scripts/ui/wand_panel.lua:2151: in field 'action'
	...s/TheGameJamTemplate/rabat/assets/scripts/core/timer.lua:582: in function 'core.timer.update'
	...es/TheGameJamTemplate/rabat/assets/scripts/core/main.lua:1320: in function <...es/TheGameJamTemplate/rabat/assets/scripts/core/main.lua:1298>
[2026-01-23 10:01:45.009] [combined] [error] Lua update failed: ...heGameJamTemplate/rabat/assets/scripts/ui/wand_panel.lua:845: attempt to call a nil value (global 'createHeader')
stack traceback:
	...heGameJamTemplate/rabat/assets/scripts/ui/wand_panel.lua:845: in upvalue 'createWandStatsRow'
	...heGameJamTemplate/rabat/assets/scripts/ui/wand_panel.lua:1347: in upvalue 'createPanelDefinition'
	...heGameJamTemplate/rabat/assets/scripts/ui/wand_panel.lua:1629: in function 'ui.wand_panel.initialize'
	...heGameJamTemplate/rabat/assets/scripts/ui/wand_panel.lua:1770: in function 'ui.wand_panel.open'
	...heGameJamTemplate/rabat/assets/scripts/ui/wand_panel.lua:2151: in field 'action'
	...s/TheGameJamTemplate/rabat/assets/scripts/core/timer.lua:582: in function 'core.timer.update'
	...es/TheGameJamTemplate/rabat/assets/scripts/core/main.lua:1320: in function <...es/TheGameJamTemplate/rabat/assets/scripts/core/main.lua:1298>
[2026-01-23 10:01:45.064] [combined] [error] Lua update failed: ...heGameJamTemplate/rabat/assets/scripts/ui/wand_panel.lua:845: attempt to call a nil value (global 'createHeader')
stack traceback:
	...heGameJamTemplate/rabat/assets/scripts/ui/wand_panel.lua:845: in upvalue 'createWandStatsRow'
	...heGameJamTemplate/rabat/assets/scripts/ui/wand_panel.lua:1347: in upvalue 'createPanelDefinition'
	...heGameJamTemplate/rabat/assets/scripts/ui/wand_panel.lua:1629: in function 'ui.wand_panel.initialize'
	...heGameJamTemplate/rabat/assets/scripts/ui/wand_panel.lua:1770: in function 'ui.wand_panel.open'
	...heGameJamTemplate/rabat/assets/scripts/ui/wand_panel.lua:2151: in field 'action'
	...s/TheGameJamTemplate/rabat/assets/scripts/core/timer.lua:582: in function 'core.timer.update'
	...es/TheGameJamTemplate/rabat/assets/scripts/core/main.lua:1320: in function <...es/TheGameJamTemplate/rabat/assets/scripts/core/main.lua:1298>
[2026-01-23 10:01:45.121] [combined] [error] Lua update failed: ...heGameJamTemplate/rabat/assets/scripts/ui/wand_panel.lua:845: attempt to call a nil value (global 'createHeader')
stack traceback:
	...heGameJamTemplate/rabat/assets/scripts/ui/wand_panel.lua:845: in upvalue 'createWandStatsRow'
	...heGameJamTemplate/rabat/assets/scripts/ui/wand_panel.lua:1347: in upvalue 'createPanelDefinition'
	...heGameJamTemplate/rabat/assets/scripts/ui/wand_panel.lua:1629: in function 'ui.wand_panel.initialize'
	...heGameJamTemplate/rabat/assets/scripts/ui/wand_panel.lua:1770: in function 'ui.wand_panel.open'
	...heGameJamTemplate/rabat/assets/scripts/ui/wand_panel.lua:2151: in field 'action'
	...s/TheGameJamTemplate/rabat/assets/scripts/core/timer.lua:582: in function 'core.timer.update'
	...es/TheGameJamTemplate/rabat/assets/scripts/core/main.lua:1320: in function <...es/TheGameJamTemplate/rabat/assets/scripts/core/main.lua:1298>
[2026-01-23 10:01:45.176] [combined] [error] Lua update failed: ...heGameJamTemplate/rabat/assets/scripts/ui/wand_panel.lua:845: attempt to call a nil value (global 'createHeader')
stack traceback:
	...heGameJamTemplate/rabat/assets/scripts/ui/wand_panel.lua:845: in upvalue 'createWandStatsRow'
	...heGameJamTemplate/rabat/assets/scripts/ui/wand_panel.lua:1347: in upvalue 'createPanelDefinition'
	...heGameJamTemplate/rabat/assets/scripts/ui/wand_panel.lua:1629: in function 'ui.wand_panel.initialize'
	...heGameJamTemplate/rabat/assets/scripts/ui/wand_panel.lua:1770: in function 'ui.wand_panel.open'
	...heGameJamTemplate/rabat/assets/scripts/ui/wand_panel.lua:2151: in field 'action'
	...s/TheGameJamTemplate/rabat/assets/scripts/core/timer.lua:582: in function 'core.timer.update'
	...es/TheGameJamTemplate/rabat/assets/scripts/core/main.lua:1320: in function <...es/TheGameJamTemplate/rabat/assets/scripts/core/main.lua:1298>
[2026-01-23 10:01:45.232] [combined] [error] Lua update failed: ...heGameJamTemplate/rabat/assets/scripts/ui/wand_panel.lua:845: attempt to call a nil value (global 'createHeader')
stack traceback:
	...heGameJamTemplate/rabat/assets/scripts/ui/wand_panel.lua:845: in upvalue 'createWandStatsRow'
	...heGameJamTemplate/rabat/assets/scripts/ui/wand_panel.lua:1347: in upvalue 'createPanelDefinition'
	...heGameJamTemplate/rabat/assets/scripts/ui/wand_panel.lua:1629: in function 'ui.wand_panel.initialize'
	...heGameJamTemplate/rabat/assets/scripts/ui/wand_panel.lua:1770: in function 'ui.wand_panel.open'
	...heGameJamTemplate/rabat/assets/scripts/ui/wand_panel.lua:2151: in field 'action'
	...s/TheGameJamTemplate/rabat/assets/scripts/core/timer.lua:582: in function 'core.timer.update'
	...es/TheGameJamTemplate/rabat/assets/scripts/core/main.lua:1320: in function <...es/TheGameJamTemplate/rabat/assets/scripts/core/main.lua:1298>
[2026-01-23 10:01:45.289] [combined] [error] Lua update failed: ...heGameJamTemplate/rabat/assets/scripts/ui/wand_panel.lua:845: attempt to call a nil value (global 'createHeader')
stack traceback:
	...heGameJamTemplate/rabat/assets/scripts/ui/wand_panel.lua:845: in upvalue 'createWandStatsRow'
	...heGameJamTemplate/rabat/assets/scripts/ui/wand_panel.lua:1347: in upvalue 'createPanelDefinition'
	...heGameJamTemplate/rabat/assets/scripts/ui/wand_panel.lua:1629: in function 'ui.wand_panel.initialize'
	...heGameJamTemplate/rabat/assets/scripts/ui/wand_panel.lua:1770: in function 'ui.wand_panel.open'
	...heGameJamTemplate/rabat/assets/scripts/ui/wand_panel.lua:2151: in field 'action'
	...s/TheGameJamTemplate/rabat/assets/scripts/core/timer.lua:582: in function 'core.timer.update'
	...es/TheGameJamTemplate/rabat/assets/scripts/core/main.lua:1320: in function <...es/TheGameJamTemplate/rabat/assets/scripts/core/main.lua:1298>
[2026-01-23 10:01:45.345] [combined] [error] Lua update failed: ...heGameJamTemplate/rabat/assets/scripts/ui/wand_panel.lua:845: attempt to call a nil value (global 'createHeader')
stack traceback:
	...heGameJamTemplate/rabat/assets/scripts/ui/wand_panel.lua:845: in upvalue 'createWandStatsRow'
	...heGameJamTemplate/rabat/assets/scripts/ui/wand_panel.lua:1347: in upvalue 'createPanelDefinition'
	...heGameJamTemplate/rabat/assets/scripts/ui/wand_panel.lua:1629: in function 'ui.wand_panel.initialize'
	...heGameJamTemplate/rabat/assets/scripts/ui/wand_panel.lua:1770: in function 'ui.wand_panel.open'
	...heGameJamTemplate/rabat/assets/scripts/ui/wand_panel.lua:2151: in field 'action'
	...s/TheGameJamTemplate/rabat/assets/scripts/core/timer.lua:582: in function 'core.timer.update'
	...es/TheGameJamTemplate/rabat/assets/scripts/core/main.lua:1320: in function <...es/TheGameJamTemplate/rabat/assets/scripts/core/main.lua:1298>
[2026-01-23 10:01:45.402] [combined] [error] Lua update failed: ...heGameJamTemplate/rabat/assets/scripts/ui/wand_panel.lua:845: attempt to call a nil value (global 'createHeader')
stack traceback:
	...heGameJamTemplate/rabat/assets/scripts/ui/wand_panel.lua:845: in upvalue 'createWandStatsRow'
	...heGameJamTemplate/rabat/assets/scripts/ui/wand_panel.lua:1347: in upvalue 'createPanelDefinition'
	...heGameJamTemplate/rabat/assets/scripts/ui/wand_panel.lua:1629: in function 'ui.wand_panel.initialize'
	...heGameJamTemplate/rabat/assets/scripts/ui/wand_panel.lua:1770: in function 'ui.wand_panel.open'
	...heGameJamTemplate/rabat/assets/scripts/ui/wand_panel.lua:2151: in field 'action'
	...s/TheGameJamTemplate/rabat/assets/scripts/core/timer.lua:582: in function 'core.timer.update'
	...es/TheGameJamTemplate/rabat/assets/scripts/core/main.lua:1320: in function <...es/TheGameJamTemplate/rabat/assets/scripts/core/main.lua:1298>
[2026-01-23 10:01:45.459] [combined] [error] Lua update failed: ...heGameJamTemplate/rabat/assets/scripts/ui/wand_panel.lua:845: attempt to call a nil value (global 'createHeader')
stack traceback:
	...heGameJamTemplate/rabat/assets/scripts/ui/wand_panel.lua:845: in upvalue 'createWandStatsRow'
	...heGameJamTemplate/rabat/assets/scripts/ui/wand_panel.lua:1347: in upvalue 'createPanelDefinition'
	...heGameJamTemplate/rabat/assets/scripts/ui/wand_panel.lua:1629: in function 'ui.wand_panel.initialize'
	...heGameJamTemplate/rabat/assets/scripts/ui/wand_panel.lua:1770: in function 'ui.wand_panel.open'
	...heGameJamTemplate/rabat/assets/scripts/ui/wand_panel.lua:2151: in field 'action'
	...s/TheGameJamTemplate/rabat/assets/scripts/core/timer.lua:582: in function 'core.timer.update'
	...es/TheGameJamTemplate/rabat/assets/scripts/core/main.lua:1320: in function <...es/TheGameJamTemplate/rabat/assets/scripts/core/main.lua:1298>
[2026-01-23 10:01:45.514] [combined] [error] Lua update failed: ...heGameJamTemplate/rabat/assets/scripts/ui/wand_panel.lua:845: attempt to call a nil value (global 'createHeader')
stack traceback:
	...heGameJamTemplate/rabat/assets/scripts/ui/wand_panel.lua:845: in upvalue 'createWandStatsRow'
	...heGameJamTemplate/rabat/assets/scripts/ui/wand_panel.lua:1347: in upvalue 'createPanelDefinition'
	...heGameJamTemplate/rabat/assets/scripts/ui/wand_panel.lua:1629: in function 'ui.wand_panel.initialize'
	...heGameJamTemplate/rabat/assets/scripts/ui/wand_panel.lua:1770: in function 'ui.wand_panel.open'
	...heGameJamTemplate/rabat/assets/scripts/ui/wand_panel.lua:2151: in field 'action'
	...s/TheGameJamTemplate/rabat/assets/scripts/core/timer.lua:582: in function 'core.timer.update'
	...es/TheGameJamTemplate/rabat/assets/scripts/core/main.lua:1320: in function <...es/TheGameJamTemplate/rabat/assets/scripts/core/main.lua:1298>
[2026-01-23 10:01:45.569] [combined] [error] Lua update failed: ...heGameJamTemplate/rabat/assets/scripts/ui/wand_panel.lua:845: attempt to call a nil value (global 'createHeader')
stack traceback:
	...heGameJamTemplate/rabat/assets/scripts/ui/wand_panel.lua:845: in upvalue 'createWandStatsRow'
	...heGameJamTemplate/rabat/assets/scripts/ui/wand_panel.lua:1347: in upvalue 'createPanelDefinition'
	...heGameJamTemplate/rabat/assets/scripts/ui/wand_panel.lua:1629: in function 'ui.wand_panel.initialize'
	...heGameJamTemplate/rabat/assets/scripts/ui/wand_panel.lua:1770: in function 'ui.wand_panel.open'
	...heGameJamTemplate/rabat/assets/scripts/ui/wand_panel.lua:2151: in field 'action'
	...s/TheGameJamTemplate/rabat/assets/scripts/core/timer.lua:582: in function 'core.timer.update'
	...es/TheGameJamTemplate/rabat/assets/scripts/core/main.lua:1320: in function <...es/TheGameJamTemplate/rabat/assets/scripts/core/main.lua:1298>
[2026-01-23 10:01:45.625] [combined] [error] Lua update failed: ...heGameJamTemplate/rabat/assets/scripts/ui/wand_panel.lua:845: attempt to call a nil value (global 'createHeader')
stack traceback:
	...heGameJamTemplate/rabat/assets/scripts/ui/wand_panel.lua:845: in upvalue 'createWandStatsRow'
	...heGameJamTemplate/rabat/assets/scripts/ui/wand_panel.lua:1347: in upvalue 'createPanelDefinition'
	...heGameJamTemplate/rabat/assets/scripts/ui/wand_panel.lua:1629: in function 'ui.wand_panel.initialize'
	...heGameJamTemplate/rabat/assets/scripts/ui/wand_panel.lua:1770: in function 'ui.wand_panel.open'
	...heGameJamTemplate/rabat/assets/scripts/ui/wand_panel.lua:2151: in field 'action'
	...s/TheGameJamTemplate/rabat/assets/scripts/core/timer.lua:582: in function 'core.timer.update'
	...es/TheGameJamTemplate/rabat/assets/scripts/core/main.lua:1320: in function <...es/TheGameJamTemplate/rabat/assets/scripts/core/main.lua:1298>
[2026-01-23 10:01:45.684] [combined] [error] Lua update failed: ...heGameJamTemplate/rabat/assets/scripts/ui/wand_panel.lua:845: attempt to call a nil value (global 'createHeader')
stack traceback:
	...heGameJamTemplate/rabat/assets/scripts/ui/wand_panel.lua:845: in upvalue 'createWandStatsRow'
	...heGameJamTemplate/rabat/assets/scripts/ui/wand_panel.lua:1347: in upvalue 'createPanelDefinition'
	...heGameJamTemplate/rabat/assets/scripts/ui/wand_panel.lua:1629: in function 'ui.wand_panel.initialize'
	...heGameJamTemplate/rabat/assets/scripts/ui/wand_panel.lua:1770: in function 'ui.wand_panel.open'
	...heGameJamTemplate/rabat/assets/scripts/ui/wand_panel.lua:2151: in field 'action'
	...s/TheGameJamTemplate/rabat/assets/scripts/core/timer.lua:582: in function 'core.timer.update'
	...es/TheGameJamTemplate/rabat/assets/scripts/core/main.lua:1320: in function <...es/TheGameJamTemplate/rabat/assets/scripts/core/main.lua:1298>
[2026-01-23 10:01:45.739] [combined] [error] Lua update failed: ...heGameJamTemplate/rabat/assets/scripts/ui/wand_panel.lua:845: attempt to call a nil value (global 'createHeader')
stack traceback:
	...heGameJamTemplate/rabat/assets/scripts/ui/wand_panel.lua:845: in upvalue 'createWandStatsRow'
	...heGameJamTemplate/rabat/assets/scripts/ui/wand_panel.lua:1347: in upvalue 'createPanelDefinition'
	...heGameJamTemplate/rabat/assets/scripts/ui/wand_panel.lua:1629: in function 'ui.wand_panel.initialize'
	...heGameJamTemplate/rabat/assets/scripts/ui/wand_panel.lua:1770: in function 'ui.wand_panel.open'
	...heGameJamTemplate/rabat/assets/scripts/ui/wand_panel.lua:2151: in field 'action'
	...s/TheGameJamTemplate/rabat/assets/scripts/core/timer.lua:582: in function 'core.timer.update'
	...es/TheGameJamTemplate/rabat/assets/scripts/core/main.lua:1320: in function <...es/TheGameJamTemplate/rabat/assets/scripts/core/main.lua:1298>
[2026-01-23 10:01:45.796] [combined] [error] Lua update failed: ...heGameJamTemplate/rabat/assets/scripts/ui/wand_panel.lua:845: attempt to call a nil value (global 'createHeader')
stack traceback:
	...heGameJamTemplate/rabat/assets/scripts/ui/wand_panel.lua:845: in upvalue 'createWandStatsRow'
	...heGameJamTemplate/rabat/assets/scripts/ui/wand_panel.lua:1347: in upvalue 'createPanelDefinition'
	...heGameJamTemplate/rabat/assets/scripts/ui/wand_panel.lua:1629: in function 'ui.wand_panel.initialize'
	...heGameJamTemplate/rabat/assets/scripts/ui/wand_panel.lua:1770: in function 'ui.wand_panel.open'
	...heGameJamTemplate/rabat/assets/scripts/ui/wand_panel.lua:2151: in field 'action'
	...s/TheGameJamTemplate/rabat/assets/scripts/core/timer.lua:582: in function 'core.timer.update'
	...es/TheGameJamTemplate/rabat/assets/scripts/core/main.lua:1320: in function <...es/TheGameJamTemplate/rabat/assets/scripts/core/main.lua:1298>
[2026-01-23 10:01:45.852] [combined] [error] Lua update failed: ...heGameJamTemplate/rabat/assets/scripts/ui/wand_panel.lua:845: attempt to call a nil value (global 'createHeader')
stack traceback:
	...heGameJamTemplate/rabat/assets/scripts/ui/wand_panel.lua:845: in upvalue 'createWandStatsRow'
	...heGameJamTemplate/rabat/assets/scripts/ui/wand_panel.lua:1347: in upvalue 'createPanelDefinition'
	...heGameJamTemplate/rabat/assets/scripts/ui/wand_panel.lua:1629: in function 'ui.wand_panel.initialize'
	...heGameJamTemplate/rabat/assets/scripts/ui/wand_panel.lua:1770: in function 'ui.wand_panel.open'
	...heGameJamTemplate/rabat/assets/scripts/ui/wand_panel.lua:2151: in field 'action'
	...s/TheGameJamTemplate/rabat/assets/scripts/core/timer.lua:582: in function 'core.timer.update'
	...es/TheGameJamTemplate/rabat/assets/scripts/core/main.lua:1320: in function <...es/TheGameJamTemplate/rabat/assets/scripts/core/main.lua:1298>
[2026-01-23 10:01:45.907] [combined] [error] Lua update failed: ...heGameJamTemplate/rabat/assets/scripts/ui/wand_panel.lua:845: attempt to call a nil value (global 'createHeader')
stack traceback:
	...heGameJamTemplate/rabat/assets/scripts/ui/wand_panel.lua:845: in upvalue 'createWandStatsRow'
	...heGameJamTemplate/rabat/assets/scripts/ui/wand_panel.lua:1347: in upvalue 'createPanelDefinition'
	...heGameJamTemplate/rabat/assets/scripts/ui/wand_panel.lua:1629: in function 'ui.wand_panel.initialize'
	...heGameJamTemplate/rabat/assets/scripts/ui/wand_panel.lua:1770: in function 'ui.wand_panel.open'
	...heGameJamTemplate/rabat/assets/scripts/ui/wand_panel.lua:2151: in field 'action'
	...s/TheGameJamTemplate/rabat/assets/scripts/core/timer.lua:582: in function 'core.timer.update'
	...es/TheGameJamTemplate/rabat/assets/scripts/core/main.lua:1320: in function <...es/TheGameJamTemplate/rabat/assets/scripts/core/main.lua:1298>
[2026-01-23 10:01:45.964] [combined] [error] Lua update failed: ...heGameJamTemplate/rabat/assets/scripts/ui/wand_panel.lua:845: attempt to call a nil value (global 'createHeader')
stack traceback:
	...heGameJamTemplate/rabat/assets/scripts/ui/wand_panel.lua:845: in upvalue 'createWandStatsRow'
	...heGameJamTemplate/rabat/assets/scripts/ui/wand_panel.lua:1347: in upvalue 'createPanelDefinition'
	...heGameJamTemplate/rabat/assets/scripts/ui/wand_panel.lua:1629: in function 'ui.wand_panel.initialize'
	...heGameJamTemplate/rabat/assets/scripts/ui/wand_panel.lua:1770: in function 'ui.wand_panel.open'
	...heGameJamTemplate/rabat/assets/scripts/ui/wand_panel.lua:2151: in field 'action'
	...s/TheGameJamTemplate/rabat/assets/scripts/core/timer.lua:582: in function 'core.timer.update'
	...es/TheGameJamTemplate/rabat/assets/scripts/core/main.lua:1320: in function <...es/TheGameJamTemplate/rabat/assets/scripts/core/main.lua:1298>
[2026-01-23 10:01:46.019] [combined] [error] Lua update failed: ...heGameJamTemplate/rabat/assets/scripts/ui/wand_panel.lua:845: attempt to call a nil value (global 'createHeader')
stack traceback:
	...heGameJamTemplate/rabat/assets/scripts/ui/wand_panel.lua:845: in upvalue 'createWandStatsRow'
	...heGameJamTemplate/rabat/assets/scripts/ui/wand_panel.lua:1347: in upvalue 'createPanelDefinition'
	...heGameJamTemplate/rabat/assets/scripts/ui/wand_panel.lua:1629: in function 'ui.wand_panel.initialize'
	...heGameJamTemplate/rabat/assets/scripts/ui/wand_panel.lua:1770: in function 'ui.wand_panel.open'
	...heGameJamTemplate/rabat/assets/scripts/ui/wand_panel.lua:2151: in field 'action'
	...s/TheGameJamTemplate/rabat/assets/scripts/core/timer.lua:582: in function 'core.timer.update'
	...es/TheGameJamTemplate/rabat/assets/scripts/core/main.lua:1320: in function <...es/TheGameJamTemplate/rabat/assets/scripts/core/main.lua:1298>
[2026-01-23 10:01:46.075] [combined] [error] Lua update failed: ...heGameJamTemplate/rabat/assets/scripts/ui/wand_panel.lua:845: attempt to call a nil value (global 'createHeader')
stack traceback:
	...heGameJamTemplate/rabat/assets/scripts/ui/wand_panel.lua:845: in upvalue 'createWandStatsRow'
	...heGameJamTemplate/rabat/assets/scripts/ui/wand_panel.lua:1347: in upvalue 'createPanelDefinition'
	...heGameJamTemplate/rabat/assets/scripts/ui/wand_panel.lua:1629: in function 'ui.wand_panel.initialize'
	...heGameJamTemplate/rabat/assets/scripts/ui/wand_panel.lua:1770: in function 'ui.wand_panel.open'
	...heGameJamTemplate/rabat/assets/scripts/ui/wand_panel.lua:2151: in field 'action'
	...s/TheGameJamTemplate/rabat/assets/scripts/core/timer.lua:582: in function 'core.timer.update'
	...es/TheGameJamTemplate/rabat/assets/scripts/core/main.lua:1320: in function <...es/TheGameJamTemplate/rabat/assets/scripts/core/main.lua:1298>
[2026-01-23 10:01:46.131] [combined] [error] Lua update failed: ...heGameJamTemplate/rabat/assets/scripts/ui/wand_panel.lua:845: attempt to call a nil value (global 'createHeader')
stack traceback:
	...heGameJamTemplate/rabat/assets/scripts/ui/wand_panel.lua:845: in upvalue 'createWandStatsRow'
	...heGameJamTemplate/rabat/assets/scripts/ui/wand_panel.lua:1347: in upvalue 'createPanelDefinition'
	...heGameJamTemplate/rabat/assets/scripts/ui/wand_panel.lua:1629: in function 'ui.wand_panel.initialize'
	...heGameJamTemplate/rabat/assets/scripts/ui/wand_panel.lua:1770: in function 'ui.wand_panel.open'
	...heGameJamTemplate/rabat/assets/scripts/ui/wand_panel.lua:2151: in field 'action'
	...s/TheGameJamTemplate/rabat/assets/scripts/core/timer.lua:582: in function 'core.timer.update'
	...es/TheGameJamTemplate/rabat/assets/scripts/core/main.lua:1320: in function <...es/TheGameJamTemplate/rabat/assets/scripts/core/main.lua:1298>
[2026-01-23 10:01:46.186] [combined] [error] Lua update failed: ...heGameJamTemplate/rabat/assets/scripts/ui/wand_panel.lua:845: attempt to call a nil value (global 'createHeader')
stack traceback:
	...heGameJamTemplate/rabat/assets/scripts/ui/wand_panel.lua:845: in upvalue 'createWandStatsRow'
	...heGameJamTemplate/rabat/assets/scripts/ui/wand_panel.lua:1347: in upvalue 'createPanelDefinition'
	...heGameJamTemplate/rabat/assets/scripts/ui/wand_panel.lua:1629: in function 'ui.wand_panel.initialize'
	...heGameJamTemplate/rabat/assets/scripts/ui/wand_panel.lua:1770: in function 'ui.wand_panel.open'
	...heGameJamTemplate/rabat/assets/scripts/ui/wand_panel.lua:2151: in field 'action'
	...s/TheGameJamTemplate/rabat/assets/scripts/core/timer.lua:582: in function 'core.timer.update'
	...es/TheGameJamTemplate/rabat/assets/scripts/core/main.lua:1320: in function <...es/TheGameJamTemplate/rabat/assets/scripts/core/main.lua:1298>
[2026-01-23 10:01:46.242] [combined] [error] Lua update failed: ...heGameJamTemplate/rabat/assets/scripts/ui/wand_panel.lua:845: attempt to call a nil value (global 'createHeader')
stack traceback:
	...heGameJamTemplate/rabat/assets/scripts/ui/wand_panel.lua:845: in upvalue 'createWandStatsRow'
	...heGameJamTemplate/rabat/assets/scripts/ui/wand_panel.lua:1347: in upvalue 'createPanelDefinition'
	...heGameJamTemplate/rabat/assets/scripts/ui/wand_panel.lua:1629: in function 'ui.wand_panel.initialize'
	...heGameJamTemplate/rabat/assets/scripts/ui/wand_panel.lua:1770: in function 'ui.wand_panel.open'
	...heGameJamTemplate/rabat/assets/scripts/ui/wand_panel.lua:2151: in field 'action'
	...s/TheGameJamTemplate/rabat/assets/scripts/core/timer.lua:582: in function 'core.timer.update'
	...es/TheGameJamTemplate/rabat/assets/scripts/core/main.lua:1320: in function <...es/TheGameJamTemplate/rabat/assets/scripts/core/main.lua:1298>
[2026-01-23 10:01:46.298] [combined] [error] Lua update failed: ...heGameJamTemplate/rabat/assets/scripts/ui/wand_panel.lua:845: attempt to call a nil value (global 'createHeader')
stack traceback:
	...heGameJamTemplate/rabat/assets/scripts/ui/wand_panel.lua:845: in upvalue 'createWandStatsRow'
	...heGameJamTemplate/rabat/assets/scripts/ui/wand_panel.lua:1347: in upvalue 'createPanelDefinition'
	...heGameJamTemplate/rabat/assets/scripts/ui/wand_panel.lua:1629: in function 'ui.wand_panel.initialize'
	...heGameJamTemplate/rabat/assets/scripts/ui/wand_panel.lua:1770: in function 'ui.wand_panel.open'
	...heGameJamTemplate/rabat/assets/scripts/ui/wand_panel.lua:2151: in field 'action'
	...s/TheGameJamTemplate/rabat/assets/scripts/core/timer.lua:582: in function 'core.timer.update'
	...es/TheGameJamTemplate/rabat/assets/scripts/core/main.lua:1320: in function <...es/TheGameJamTemplate/rabat/assets/scripts/core/main.lua:1298>
[2026-01-23 10:01:46.354] [combined] [error] Lua update failed: ...heGameJamTemplate/rabat/assets/scripts/ui/wand_panel.lua:845: attempt to call a nil value (global 'createHeader')
stack traceback:
	...heGameJamTemplate/rabat/assets/scripts/ui/wand_panel.lua:845: in upvalue 'createWandStatsRow'
	...heGameJamTemplate/rabat/assets/scripts/ui/wand_panel.lua:1347: in upvalue 'createPanelDefinition'
	...heGameJamTemplate/rabat/assets/scripts/ui/wand_panel.lua:1629: in function 'ui.wand_panel.initialize'
	...heGameJamTemplate/rabat/assets/scripts/ui/wand_panel.lua:1770: in function 'ui.wand_panel.open'
	...heGameJamTemplate/rabat/assets/scripts/ui/wand_panel.lua:2151: in field 'action'
	...s/TheGameJamTemplate/rabat/assets/scripts/core/timer.lua:582: in function 'core.timer.update'
	...es/TheGameJamTemplate/rabat/assets/scripts/core/main.lua:1320: in function <...es/TheGameJamTemplate/rabat/assets/scripts/core/main.lua:1298>
[2026-01-23 10:01:46.409] [combined] [error] Lua update failed: ...heGameJamTemplate/rabat/assets/scripts/ui/wand_panel.lua:845: attempt to call a nil value (global 'createHeader')
stack traceback:
	...heGameJamTemplate/rabat/assets/scripts/ui/wand_panel.lua:845: in upvalue 'createWandStatsRow'
	...heGameJamTemplate/rabat/assets/scripts/ui/wand_panel.lua:1347: in upvalue 'createPanelDefinition'
	...heGameJamTemplate/rabat/assets/scripts/ui/wand_panel.lua:1629: in function 'ui.wand_panel.initialize'
	...heGameJamTemplate/rabat/assets/scripts/ui/wand_panel.lua:1770: in function 'ui.wand_panel.open'
	...heGameJamTemplate/rabat/assets/scripts/ui/wand_panel.lua:2151: in field 'action'
	...s/TheGameJamTemplate/rabat/assets/scripts/core/timer.lua:582: in function 'core.timer.update'
	...es/TheGameJamTemplate/rabat/assets/scripts/core/main.lua:1320: in function <...es/TheGameJamTemplate/rabat/assets/scripts/core/main.lua:1298>
[2026-01-23 10:01:46.465] [combined] [error] Lua update failed: ...heGameJamTemplate/rabat/assets/scripts/ui/wand_panel.lua:845: attempt to call a nil value (global 'createHeader')
stack traceback:
	...heGameJamTemplate/rabat/assets/scripts/ui/wand_panel.lua:845: in upvalue 'createWandStatsRow'
	...heGameJamTemplate/rabat/assets/scripts/ui/wand_panel.lua:1347: in upvalue 'createPanelDefinition'
	...heGameJamTemplate/rabat/assets/scripts/ui/wand_panel.lua:1629: in function 'ui.wand_panel.initialize'
	...heGameJamTemplate/rabat/assets/scripts/ui/wand_panel.lua:1770: in function 'ui.wand_panel.open'
	...heGameJamTemplate/rabat/assets/scripts/ui/wand_panel.lua:2151: in field 'action'
	...s/TheGameJamTemplate/rabat/assets/scripts/core/timer.lua:582: in function 'core.timer.update'
	...es/TheGameJamTemplate/rabat/assets/scripts/core/main.lua:1320: in function <...es/TheGameJamTemplate/rabat/assets/scripts/core/main.lua:1298>
[2026-01-23 10:01:46.522] [combined] [error] Lua update failed: ...heGameJamTemplate/rabat/assets/scripts/ui/wand_panel.lua:845: attempt to call a nil value (global 'createHeader')
stack traceback:
	...heGameJamTemplate/rabat/assets/scripts/ui/wand_panel.lua:845: in upvalue 'createWandStatsRow'
	...heGameJamTemplate/rabat/assets/scripts/ui/wand_panel.lua:1347: in upvalue 'createPanelDefinition'
	...heGameJamTemplate/rabat/assets/scripts/ui/wand_panel.lua:1629: in function 'ui.wand_panel.initialize'
	...heGameJamTemplate/rabat/assets/scripts/ui/wand_panel.lua:1770: in function 'ui.wand_panel.open'
	...heGameJamTemplate/rabat/assets/scripts/ui/wand_panel.lua:2151: in field 'action'
	...s/TheGameJamTemplate/rabat/assets/scripts/core/timer.lua:582: in function 'core.timer.update'
	...es/TheGameJamTemplate/rabat/assets/scripts/core/main.lua:1320: in function <...es/TheGameJamTemplate/rabat/assets/scripts/core/main.lua:1298>
[2026-01-23 10:01:46.577] [combined] [error] Lua update failed: ...heGameJamTemplate/rabat/assets/scripts/ui/wand_panel.lua:845: attempt to call a nil value (global 'createHeader')
stack traceback:
	...heGameJamTemplate/rabat/assets/scripts/ui/wand_panel.lua:845: in upvalue 'createWandStatsRow'
	...heGameJamTemplate/rabat/assets/scripts/ui/wand_panel.lua:1347: in upvalue 'createPanelDefinition'
	...heGameJamTemplate/rabat/assets/scripts/ui/wand_panel.lua:1629: in function 'ui.wand_panel.initialize'
	...heGameJamTemplate/rabat/assets/scripts/ui/wand_panel.lua:1770: in function 'ui.wand_panel.open'
	...heGameJamTemplate/rabat/assets/scripts/ui/wand_panel.lua:2151: in field 'action'
	...s/TheGameJamTemplate/rabat/assets/scripts/core/timer.lua:582: in function 'core.timer.update'
	...es/TheGameJamTemplate/rabat/assets/scripts/core/main.lua:1320: in function <...es/TheGameJamTemplate/rabat/assets/scripts/core/main.lua:1298>
[2026-01-23 10:01:46.633] [combined] [error] Lua update failed: ...heGameJamTemplate/rabat/assets/scripts/ui/wand_panel.lua:845: attempt to call a nil value (global 'createHeader')
stack traceback:
	...heGameJamTemplate/rabat/assets/scripts/ui/wand_panel.lua:845: in upvalue 'createWandStatsRow'
	...heGameJamTemplate/rabat/assets/scripts/ui/wand_panel.lua:1347: in upvalue 'createPanelDefinition'
	...heGameJamTemplate/rabat/assets/scripts/ui/wand_panel.lua:1629: in function 'ui.wand_panel.initialize'
	...heGameJamTemplate/rabat/assets/scripts/ui/wand_panel.lua:1770: in function 'ui.wand_panel.open'
	...heGameJamTemplate/rabat/assets/scripts/ui/wand_panel.lua:2151: in field 'action'
	...s/TheGameJamTemplate/rabat/assets/scripts/core/timer.lua:582: in function 'core.timer.update'
	...es/TheGameJamTemplate/rabat/assets/scripts/core/main.lua:1320: in function <...es/TheGameJamTemplate/rabat/assets/scripts/core/main.lua:1298>
[2026-01-23 10:01:46.688] [combined] [error] Lua update failed: ...heGameJamTemplate/rabat/assets/scripts/ui/wand_panel.lua:845: attempt to call a nil value (global 'createHeader')
stack traceback:
	...heGameJamTemplate/rabat/assets/scripts/ui/wand_panel.lua:845: in upvalue 'createWandStatsRow'
	...heGameJamTemplate/rabat/assets/scripts/ui/wand_panel.lua:1347: in upvalue 'createPanelDefinition'
	...heGameJamTemplate/rabat/assets/scripts/ui/wand_panel.lua:1629: in function 'ui.wand_panel.initialize'
	...heGameJamTemplate/rabat/assets/scripts/ui/wand_panel.lua:1770: in function 'ui.wand_panel.open'
	...heGameJamTemplate/rabat/assets/scripts/ui/wand_panel.lua:2151: in field 'action'
	...s/TheGameJamTemplate/rabat/assets/scripts/core/timer.lua:582: in function 'core.timer.update'
	...es/TheGameJamTemplate/rabat/assets/scripts/core/main.lua:1320: in function <...es/TheGameJamTemplate/rabat/assets/scripts/core/main.lua:1298>
[2026-01-23 10:01:46.744] [combined] [error] Lua update failed: ...heGameJamTemplate/rabat/assets/scripts/ui/wand_panel.lua:845: attempt to call a nil value (global 'createHeader')
stack traceback:
	...heGameJamTemplate/rabat/assets/scripts/ui/wand_panel.lua:845: in upvalue 'createWandStatsRow'
	...heGameJamTemplate/rabat/assets/scripts/ui/wand_panel.lua:1347: in upvalue 'createPanelDefinition'
	...heGameJamTemplate/rabat/assets/scripts/ui/wand_panel.lua:1629: in function 'ui.wand_panel.initialize'
	...heGameJamTemplate/rabat/assets/scripts/ui/wand_panel.lua:1770: in function 'ui.wand_panel.open'
	...heGameJamTemplate/rabat/assets/scripts/ui/wand_panel.lua:2151: in field 'action'
	...s/TheGameJamTemplate/rabat/assets/scripts/core/timer.lua:582: in function 'core.timer.update'
	...es/TheGameJamTemplate/rabat/assets/scripts/core/main.lua:1320: in function <...es/TheGameJamTemplate/rabat/assets/scripts/core/main.lua:1298>
[2026-01-23 10:01:46.800] [combined] [error] Lua update failed: ...heGameJamTemplate/rabat/assets/scripts/ui/wand_panel.lua:845: attempt to call a nil value (global 'createHeader')
stack traceback:
	...heGameJamTemplate/rabat/assets/scripts/ui/wand_panel.lua:845: in upvalue 'createWandStatsRow'
	...heGameJamTemplate/rabat/assets/scripts/ui/wand_panel.lua:1347: in upvalue 'createPanelDefinition'
	...heGameJamTemplate/rabat/assets/scripts/ui/wand_panel.lua:1629: in function 'ui.wand_panel.initialize'
	...heGameJamTemplate/rabat/assets/scripts/ui/wand_panel.lua:1770: in function 'ui.wand_panel.open'
	...heGameJamTemplate/rabat/assets/scripts/ui/wand_panel.lua:2151: in field 'action'
	...s/TheGameJamTemplate/rabat/assets/scripts/core/timer.lua:582: in function 'core.timer.update'
	...es/TheGameJamTemplate/rabat/assets/scripts/core/main.lua:1320: in function <...es/TheGameJamTemplate/rabat/assets/scripts/core/main.lua:1298>
[2026-01-23 10:01:46.857] [combined] [error] Lua update failed: ...heGameJamTemplate/rabat/assets/scripts/ui/wand_panel.lua:845: attempt to call a nil value (global 'createHeader')
stack traceback:
	...heGameJamTemplate/rabat/assets/scripts/ui/wand_panel.lua:845: in upvalue 'createWandStatsRow'
	...heGameJamTemplate/rabat/assets/scripts/ui/wand_panel.lua:1347: in upvalue 'createPanelDefinition'
	...heGameJamTemplate/rabat/assets/scripts/ui/wand_panel.lua:1629: in function 'ui.wand_panel.initialize'
	...heGameJamTemplate/rabat/assets/scripts/ui/wand_panel.lua:1770: in function 'ui.wand_panel.open'
	...heGameJamTemplate/rabat/assets/scripts/ui/wand_panel.lua:2151: in field 'action'
	...s/TheGameJamTemplate/rabat/assets/scripts/core/timer.lua:582: in function 'core.timer.update'
	...es/TheGameJamTemplate/rabat/assets/scripts/core/main.lua:1320: in function <...es/TheGameJamTemplate/rabat/assets/scripts/core/main.lua:1298>
[2026-01-23 10:01:46.916] [combined] [error] Lua update failed: ...heGameJamTemplate/rabat/assets/scripts/ui/wand_panel.lua:845: attempt to call a nil value (global 'createHeader')
stack traceback:
	...heGameJamTemplate/rabat/assets/scripts/ui/wand_panel.lua:845: in upvalue 'createWandStatsRow'
	...heGameJamTemplate/rabat/assets/scripts/ui/wand_panel.lua:1347: in upvalue 'createPanelDefinition'
	...heGameJamTemplate/rabat/assets/scripts/ui/wand_panel.lua:1629: in function 'ui.wand_panel.initialize'
	...heGameJamTemplate/rabat/assets/scripts/ui/wand_panel.lua:1770: in function 'ui.wand_panel.open'
	...heGameJamTemplate/rabat/assets/scripts/ui/wand_panel.lua:2151: in field 'action'
	...s/TheGameJamTemplate/rabat/assets/scripts/core/timer.lua:582: in function 'core.timer.update'
	...es/TheGameJamTemplate/rabat/assets/scripts/core/main.lua:1320: in function <...es/TheGameJamTemplate/rabat/assets/scripts/core/main.lua:1298>
[2026-01-23 10:01:46.973] [combined] [error] Lua update failed: ...heGameJamTemplate/rabat/assets/scripts/ui/wand_panel.lua:845: attempt to call a nil value (global 'createHeader')
stack traceback:
	...heGameJamTemplate/rabat/assets/scripts/ui/wand_panel.lua:845: in upvalue 'createWandStatsRow'
	...heGameJamTemplate/rabat/assets/scripts/ui/wand_panel.lua:1347: in upvalue 'createPanelDefinition'
	...heGameJamTemplate/rabat/assets/scripts/ui/wand_panel.lua:1629: in function 'ui.wand_panel.initialize'
	...heGameJamTemplate/rabat/assets/scripts/ui/wand_panel.lua:1770: in function 'ui.wand_panel.open'
	...heGameJamTemplate/rabat/assets/scripts/ui/wand_panel.lua:2151: in field 'action'
	...s/TheGameJamTemplate/rabat/assets/scripts/core/timer.lua:582: in function 'core.timer.update'
	...es/TheGameJamTemplate/rabat/assets/scripts/core/main.lua:1320: in function <...es/TheGameJamTemplate/rabat/assets/scripts/core/main.lua:1298>
[2026-01-23 10:01:47.029] [combined] [error] Lua update failed: ...heGameJamTemplate/rabat/assets/scripts/ui/wand_panel.lua:845: attempt to call a nil value (global 'createHeader')
stack traceback:
	...heGameJamTemplate/rabat/assets/scripts/ui/wand_panel.lua:845: in upvalue 'createWandStatsRow'
	...heGameJamTemplate/rabat/assets/scripts/ui/wand_panel.lua:1347: in upvalue 'createPanelDefinition'
	...heGameJamTemplate/rabat/assets/scripts/ui/wand_panel.lua:1629: in function 'ui.wand_panel.initialize'
	...heGameJamTemplate/rabat/assets/scripts/ui/wand_panel.lua:1770: in function 'ui.wand_panel.open'
	...heGameJamTemplate/rabat/assets/scripts/ui/wand_panel.lua:2151: in field 'action'
	...s/TheGameJamTemplate/rabat/assets/scripts/core/timer.lua:582: in function 'core.timer.update'
	...es/TheGameJamTemplate/rabat/assets/scripts/core/main.lua:1320: in function <...es/TheGameJamTemplate/rabat/assets/scripts/core/main.lua:1298>
